2025-03-25 15:56:36.349 WARNING [auth] Deprecated API call (ID: 12972)
2025-03-25 10:09:30.285 CRITICAL [database] Unspecified event occurred (code: 86) (ID: 35100)
2025-03-25 20:43:52.430 CRITICAL [network] Unspecified event occurred (code: 53) (ID: 73791)
2025-03-25 14:39:30.731 INFO [storage] User 'admin' logged in (ID: 60590)
2025-03-25 07:17:29.371 CRITICAL [api] Unspecified event occurred (code: 16) (ID: 86643)
CORRUPTED_LINE: 2025-03-25 07:17:29.371 BAD_DATA
2025-03-25 13:41:03.187 DEBUG [network] Unspecified event occurred (code: 72) (ID: 30510)
2025-03-24 22:54:29.154 WARNING [api] Retrying request... (ID: 95871)
2025-03-25 18:42:39.384 CRITICAL [api] Unspecified event occurred (code: 48) (ID: 53912)
2025-03-25 08:19:04.561 DEBUG [network] Unspecified event occurred (code: 21) (ID: 59328)
2025-03-25 00:33:01.130 CRITICAL [auth] Unspecified event occurred (code: 67) (ID: 69686)
2025-03-25 15:19:29.072 DEBUG [auth] Unspecified event occurred (code: 76) (ID: 97903)
2025-03-25 02:36:30.562 INFO [api] User 'admin' logged in (ID: 78692)
2025-03-25 05:35:15.049 WARNING [storage] High latency detected (ID: 93956)
2025-03-25 00:58:44.923 WARNING [cache] Deprecated API call (ID: 37898)
2025-03-25 10:41:53.074 INFO [network] Cache updated for admin (ID: 58845)
2025-03-25 04:46:45.140 ERROR [storage] Database query failed (ID: 11034)
2025-03-25 04:34:47.531 DEBUG [api] Unspecified event occurred (code: 24) (ID: 66599)
2025-03-25 01:21:26.184 DEBUG [auth] Unspecified event occurred (code: 39) (ID: 84577)
2025-03-25 05:38:07.834 INFO [auth] User 'admin' logged in (ID: 27431)
2025-03-25 15:20:02.153 ERROR [auth] File not found (ID: 60337)
2025-03-25 17:08:50.903 ERROR [auth] Connection timeout (ID: 56540)
2025-03-25 18:26:47.944 INFO [cache] Cache updated for user1 (ID: 26150)
2025-03-25 01:52:34.323 INFO [cache] Request from system processed (ID: 95818)
2025-03-25 06:31:58.394 INFO [auth] User 'user1' logged in (ID: 28739)
2025-03-25 07:56:32.117 WARNING [auth] High latency detected (ID: 37422)
2025-03-25 11:52:42.881 CRITICAL [cache] Unspecified event occurred (code: 37) (ID: 88533)
2025-03-25 02:37:48.327 DEBUG [cache] Unspecified event occurred (code: 74) (ID: 23010)
2025-03-24 23:46:31.351 WARNING [api] Deprecated API call (ID: 82520)
2025-03-25 03:21:38.270 ERROR [cache] Connection timeout (ID: 23746)
2025-03-25 03:46:15.352 DEBUG [database] Unspecified event occurred (code: 98) (ID: 22878)
2025-03-25 07:18:04.754 DEBUG [auth] Unspecified event occurred (code: 9) (ID: 39242)
2025-03-25 01:18:41.232 WARNING [api] Deprecated API call (ID: 96509)
2025-03-24 21:21:23.928 INFO [api] Request from backup processed (ID: 61746)
2025-03-25 09:43:06.054 CRITICAL [auth] Unspecified event occurred (code: 20) (ID: 41138)
2025-03-24 21:25:22.171 WARNING [cache] Retrying request... (ID: 43188)
2025-03-25 14:30:20.654 INFO [cache] Request from user1 processed (ID: 57518)
2025-03-25 15:37:41.034 DEBUG [database] Unspecified event occurred (code: 98) (ID: 21372)
2025-03-25 18:27:31.768 CRITICAL [cache] Unspecified event occurred (code: 38) (ID: 88346)
CORRUPTED_LINE: 2025-03-25 18:27:31.768 BAD_DATA
2025-03-25 02:30:32.391 DEBUG [storage] Unspecified event occurred (code: 18) (ID: 24982)
2025-03-25 07:59:08.123 WARNING [storage] Deprecated API call (ID: 23462)
2025-03-25 07:44:38.208 DEBUG [api] Unspecified event occurred (code: 96) (ID: 23662)
2025-03-25 09:56:28.260 CRITICAL [network] Unspecified event occurred (code: 85) (ID: 65608)
2025-03-25 14:17:27.179 ERROR [storage] File not found (ID: 59804)
2025-03-25 12:08:12.277 CRITICAL [network] Unspecified event occurred (code: 11) (ID: 93647)
2025-03-25 02:15:39.975 WARNING [api] Deprecated API call (ID: 39036)
2025-03-24 21:15:09.439 INFO [api] Request from user1 processed (ID: 57213)
2025-03-25 18:23:52.494 WARNING [auth] High latency detected (ID: 17179)
2025-03-25 15:00:00.687 CRITICAL [cache] Unspecified event occurred (code: 60) (ID: 27849)
2025-03-25 14:39:45.045 ERROR [storage] Database query failed (ID: 13643)
2025-03-25 15:50:50.504 ERROR [cache] Connection timeout (ID: 97529)
2025-03-25 08:50:01.841 ERROR [api] Database query failed (ID: 88876)
2025-03-25 12:55:41.683 INFO [auth] User 'backup' logged in (ID: 22951)
CORRUPTED_LINE: 2025-03-25 12:55:41.683 BAD_DATA
2025-03-25 00:33:01.905 WARNING [database] Deprecated API call (ID: 99473)
2025-03-25 18:30:24.666 INFO [network] User 'guest' logged in (ID: 70411)
2025-03-25 06:04:38.537 ERROR [api] Connection timeout (ID: 70442)
2025-03-25 07:05:20.082 CRITICAL [api] Unspecified event occurred (code: 65) (ID: 71871)
2025-03-25 19:02:52.069 DEBUG [auth] Unspecified event occurred (code: 38) (ID: 25377)
2025-03-25 18:49:14.882 DEBUG [storage] Unspecified event occurred (code: 40) (ID: 85728)
2025-03-25 00:18:17.607 WARNING [storage] Deprecated API call (ID: 82626)
2025-03-24 22:22:39.452 DEBUG [cache] Unspecified event occurred (code: 73) (ID: 48807)
2025-03-25 07:42:15.610 CRITICAL [cache] Unspecified event occurred (code: 17) (ID: 69364)
2025-03-25 10:14:57.212 WARNING [network] Deprecated API call (ID: 86950)
2025-03-25 19:17:38.946 ERROR [storage] File not found (ID: 12297)
2025-03-24 23:21:34.775 CRITICAL [storage] Unspecified event occurred (code: 8) (ID: 38534)
2025-03-25 09:40:34.753 INFO [auth] Request from system processed (ID: 15776)
2025-03-25 13:26:45.432 INFO [auth] Request from system processed (ID: 26471)
CORRUPTED_LINE: 2025-03-25 13:26:45.432 BAD_DATA
2025-03-25 08:17:44.874 ERROR [database] Database query failed (ID: 74015)
2025-03-25 18:28:47.860 ERROR [storage] Database query failed (ID: 78656)
2025-03-24 22:32:03.541 DEBUG [storage] Unspecified event occurred (code: 65) (ID: 88642)
2025-03-25 08:31:22.758 DEBUG [network] Unspecified event occurred (code: 41) (ID: 15047)
2025-03-25 02:44:22.925 DEBUG [network] Unspecified event occurred (code: 7) (ID: 35142)
2025-03-25 03:39:22.393 DEBUG [network] Unspecified event occurred (code: 45) (ID: 31332)
2025-03-24 22:52:37.927 DEBUG [cache] Unspecified event occurred (code: 11) (ID: 22431)
2025-03-25 12:40:34.579 INFO [api] Request from user1 processed (ID: 66594)
2025-03-25 20:16:45.898 ERROR [storage] Database query failed (ID: 46452)
2025-03-25 14:33:01.338 INFO [auth] Request from guest processed (ID: 28000)
2025-03-25 16:45:03.578 ERROR [cache] Database query failed (ID: 29392)
2025-03-25 05:28:30.555 INFO [auth] Cache updated for user1 (ID: 28672)
2025-03-25 18:39:27.791 DEBUG [auth] Unspecified event occurred (code: 72) (ID: 84893)
2025-03-25 01:12:21.601 DEBUG [network] Unspecified event occurred (code: 26) (ID: 52532)
2025-03-25 04:30:24.817 ERROR [network] Database query failed (ID: 97026)
2025-03-24 23:10:33.002 ERROR [api] Invalid credentials (ID: 82278)
2025-03-25 15:58:08.741 WARNING [storage] High latency detected (ID: 54465)
2025-03-25 14:16:59.141 ERROR [storage] Invalid credentials (ID: 74468)
2025-03-25 07:19:42.187 DEBUG [storage] Unspecified event occurred (code: 38) (ID: 15936)
2025-03-25 16:42:52.454 INFO [network] Request from system processed (ID: 65858)
2025-03-24 23:43:43.797 DEBUG [cache] Unspecified event occurred (code: 56) (ID: 78110)
2025-03-25 00:31:59.814 INFO [network] User 'backup' logged in (ID: 99402)
CORRUPTED_LINE: 2025-03-25 00:31:59.814 BAD_DATA
2025-03-25 04:14:27.237 CRITICAL [auth] Unspecified event occurred (code: 99) (ID: 58267)
2025-03-25 18:57:42.789 WARNING [api] High latency detected (ID: 88196)
CORRUPTED_LINE: 2025-03-25 18:57:42.789 BAD_DATA
2025-03-24 23:23:13.138 INFO [auth] Cache updated for system (ID: 94170)
2025-03-25 18:31:15.294 WARNING [auth] Deprecated API call (ID: 63699)
2025-03-25 07:51:54.784 INFO [cache] Request from admin processed (ID: 66088)
2025-03-24 23:06:44.007 CRITICAL [database] Unspecified event occurred (code: 3) (ID: 26582)
2025-03-25 03:01:59.845 ERROR [database] Connection timeout (ID: 59059)
CORRUPTED_LINE: 2025-03-25 03:01:59.845 BAD_DATA
2025-03-24 21:45:26.925 CRITICAL [auth] Unspecified event occurred (code: 51) (ID: 39542)
2025-03-25 18:57:54.306 DEBUG [storage] Unspecified event occurred (code: 58) (ID: 57622)
2025-03-25 03:30:36.637 CRITICAL [cache] Unspecified event occurred (code: 52) (ID: 62207)
2025-03-24 21:23:34.323 CRITICAL [auth] Unspecified event occurred (code: 65) (ID: 17184)
2025-03-25 15:06:27.474 DEBUG [cache] Unspecified event occurred (code: 3) (ID: 31777)
2025-03-25 20:08:06.049 WARNING [storage] High latency detected (ID: 77183)
2025-03-25 08:15:07.432 INFO [database] Cache updated for guest (ID: 17726)
2025-03-25 14:33:33.268 DEBUG [cache] Unspecified event occurred (code: 31) (ID: 56928)
2025-03-25 08:00:17.471 ERROR [database] Database query failed (ID: 47549)
2025-03-25 18:05:38.813 INFO [database] Cache updated for guest (ID: 14619)
2025-03-24 23:45:39.667 WARNING [network] High latency detected (ID: 70513)
2025-03-25 15:18:55.506 CRITICAL [network] Unspecified event occurred (code: 88) (ID: 37867)
2025-03-25 14:09:50.007 WARNING [database] Retrying request... (ID: 80020)
2025-03-25 03:47:24.676 DEBUG [cache] Unspecified event occurred (code: 88) (ID: 33665)
2025-03-25 05:34:23.160 DEBUG [storage] Unspecified event occurred (code: 78) (ID: 56077)
2025-03-25 12:46:53.918 WARNING [cache] Deprecated API call (ID: 87371)
2025-03-25 12:22:36.660 ERROR [database] Invalid credentials (ID: 88731)
2025-03-24 22:01:10.413 CRITICAL [cache] Unspecified event occurred (code: 9) (ID: 55991)
2025-03-24 22:31:22.101 CRITICAL [auth] Unspecified event occurred (code: 28) (ID: 54827)
2025-03-25 15:41:11.593 INFO [auth] User 'backup' logged in (ID: 85165)
2025-03-25 00:04:09.761 ERROR [auth] Connection timeout (ID: 57996)
2025-03-25 18:22:35.639 ERROR [storage] Database query failed (ID: 43114)
2025-03-25 04:32:39.724 ERROR [cache] Database query failed (ID: 64827)
2025-03-25 14:28:40.329 CRITICAL [database] Unspecified event occurred (code: 57) (ID: 90443)
2025-03-25 07:56:09.427 CRITICAL [database] Unspecified event occurred (code: 17) (ID: 75595)
2025-03-24 23:36:06.115 WARNING [cache] Retrying request... (ID: 73433)
2025-03-25 15:25:35.113 DEBUG [network] Unspecified event occurred (code: 50) (ID: 76866)
2025-03-25 15:45:06.449 DEBUG [cache] Unspecified event occurred (code: 21) (ID: 12282)
2025-03-25 03:12:22.082 ERROR [auth] Invalid credentials (ID: 94546)
2025-03-25 12:08:36.171 ERROR [storage] Database query failed (ID: 15944)
2025-03-25 14:05:03.826 DEBUG [api] Unspecified event occurred (code: 19) (ID: 26774)
2025-03-25 16:42:10.169 DEBUG [cache] Unspecified event occurred (code: 47) (ID: 32038)
2025-03-25 15:17:26.550 WARNING [api] Retrying request... (ID: 81198)
2025-03-25 05:51:33.038 INFO [network] Cache updated for backup (ID: 44344)
CORRUPTED_LINE: 2025-03-25 05:51:33.038 BAD_DATA
2025-03-25 05:12:37.056 CRITICAL [database] Unspecified event occurred (code: 82) (ID: 75644)
CORRUPTED_LINE: 2025-03-25 05:12:37.056 BAD_DATA
2025-03-25 10:52:21.450 DEBUG [cache] Unspecified event occurred (code: 13) (ID: 42264)
2025-03-25 16:32:03.336 CRITICAL [auth] Unspecified event occurred (code: 27) (ID: 47791)
2025-03-24 22:18:47.329 CRITICAL [database] Unspecified event occurred (code: 28) (ID: 48776)
2025-03-25 15:42:25.750 INFO [auth] User 'user1' logged in (ID: 81219)
2025-03-25 03:13:48.643 ERROR [network] Invalid credentials (ID: 99713)
2025-03-25 02:14:09.535 DEBUG [database] Unspecified event occurred (code: 72) (ID: 96104)
2025-03-25 08:11:23.846 CRITICAL [api] Unspecified event occurred (code: 80) (ID: 92804)
2025-03-25 14:09:12.617 CRITICAL [storage] Unspecified event occurred (code: 85) (ID: 70942)
2025-03-25 07:31:32.474 WARNING [database] Retrying request... (ID: 33739)
2025-03-25 06:33:58.370 CRITICAL [cache] Unspecified event occurred (code: 98) (ID: 53698)
2025-03-25 08:51:26.307 DEBUG [auth] Unspecified event occurred (code: 72) (ID: 33474)
2025-03-25 15:14:04.969 DEBUG [auth] Unspecified event occurred (code: 6) (ID: 65579)
2025-03-25 19:36:25.406 INFO [auth] Request from backup processed (ID: 27582)
2025-03-24 23:34:42.596 DEBUG [auth] Unspecified event occurred (code: 95) (ID: 87079)
2025-03-25 07:02:35.507 DEBUG [storage] Unspecified event occurred (code: 80) (ID: 94519)
CORRUPTED_LINE: 2025-03-25 07:02:35.507 BAD_DATA
2025-03-25 06:20:31.243 INFO [storage] User 'user1' logged in (ID: 48144)
2025-03-25 15:04:03.162 INFO [cache] User 'system' logged in (ID: 79065)
2025-03-25 08:08:38.840 WARNING [cache] Deprecated API call (ID: 28586)
2025-03-25 20:09:41.980 CRITICAL [database] Unspecified event occurred (code: 85) (ID: 71778)
2025-03-25 17:23:31.906 DEBUG [api] Unspecified event occurred (code: 53) (ID: 68586)
2025-03-24 21:23:40.205 WARNING [network] Deprecated API call (ID: 97693)
2025-03-25 07:00:09.781 WARNING [storage] Retrying request... (ID: 75514)
2025-03-25 01:35:45.710 CRITICAL [network] Unspecified event occurred (code: 31) (ID: 67917)
2025-03-25 18:18:06.819 WARNING [storage] Retrying request... (ID: 67150)
2025-03-25 02:15:47.421 CRITICAL [database] Unspecified event occurred (code: 94) (ID: 23103)
2025-03-24 22:15:19.437 WARNING [storage] Retrying request... (ID: 18315)
2025-03-25 12:58:00.034 WARNING [network] High latency detected (ID: 51771)
2025-03-25 19:57:18.994 DEBUG [auth] Unspecified event occurred (code: 77) (ID: 73342)
2025-03-24 22:20:22.125 ERROR [api] Invalid credentials (ID: 14459)
2025-03-25 00:16:36.519 INFO [storage] Request from system processed (ID: 40743)
2025-03-25 03:42:03.807 WARNING [network] Retrying request... (ID: 63252)
2025-03-24 21:03:18.737 CRITICAL [database] Unspecified event occurred (code: 18) (ID: 97499)
2025-03-25 06:34:13.197 ERROR [cache] File not found (ID: 90153)
2025-03-25 01:40:11.948 INFO [database] Cache updated for backup (ID: 62513)
2025-03-25 09:31:44.600 WARNING [storage] Retrying request... (ID: 35409)
2025-03-25 07:52:48.778 CRITICAL [database] Unspecified event occurred (code: 32) (ID: 46879)
2025-03-25 06:55:14.946 WARNING [storage] Deprecated API call (ID: 64675)
2025-03-25 14:19:54.155 ERROR [api] Invalid credentials (ID: 53449)
2025-03-25 13:16:38.374 WARNING [auth] Deprecated API call (ID: 93055)
2025-03-25 09:46:51.432 WARNING [auth] High latency detected (ID: 64646)
2025-03-25 20:45:05.855 WARNING [database] High latency detected (ID: 52964)
2025-03-25 06:58:21.429 INFO [network] User 'system' logged in (ID: 95762)
2025-03-25 08:59:09.095 DEBUG [database] Unspecified event occurred (code: 9) (ID: 58890)
2025-03-25 13:20:53.759 CRITICAL [network] Unspecified event occurred (code: 3) (ID: 28432)
2025-03-25 20:16:18.347 INFO [storage] Cache updated for admin (ID: 56677)
2025-03-25 12:54:02.175 WARNING [network] High latency detected (ID: 98671)
2025-03-25 09:06:06.130 WARNING [network] Deprecated API call (ID: 80037)
2025-03-25 13:12:44.488 WARNING [network] Retrying request... (ID: 64078)
2025-03-24 22:21:53.131 CRITICAL [auth] Unspecified event occurred (code: 18) (ID: 61848)
2025-03-25 18:01:43.848 CRITICAL [api] Unspecified event occurred (code: 75) (ID: 46374)
2025-03-25 06:39:42.522 DEBUG [database] Unspecified event occurred (code: 22) (ID: 47958)
2025-03-24 21:39:21.238 CRITICAL [storage] Unspecified event occurred (code: 4) (ID: 28505)
2025-03-25 01:32:43.397 ERROR [auth] Database query failed (ID: 91993)
2025-03-24 23:35:02.392 WARNING [network] Deprecated API call (ID: 78391)
2025-03-25 05:59:05.148 WARNING [auth] Deprecated API call (ID: 12861)
2025-03-24 20:55:48.969 CRITICAL [cache] Unspecified event occurred (code: 35) (ID: 34911)
2025-03-25 12:58:46.636 CRITICAL [network] Unspecified event occurred (code: 67) (ID: 38534)
2025-03-25 16:04:55.182 DEBUG [database] Unspecified event occurred (code: 65) (ID: 10744)
2025-03-25 03:23:58.151 INFO [auth] User 'system' logged in (ID: 70326)
2025-03-25 14:06:38.215 CRITICAL [auth] Unspecified event occurred (code: 76) (ID: 12115)
2025-03-25 18:17:07.282 ERROR [cache] Invalid credentials (ID: 62481)
2025-03-25 18:31:55.426 ERROR [storage] Connection timeout (ID: 57473)
2025-03-25 17:41:47.955 WARNING [auth] High latency detected (ID: 46781)
2025-03-24 21:07:07.373 DEBUG [cache] Unspecified event occurred (code: 12) (ID: 83168)
2025-03-25 09:55:17.965 ERROR [auth] File not found (ID: 17161)
2025-03-25 19:57:44.420 INFO [cache] User 'user1' logged in (ID: 36048)
2025-03-25 10:42:20.459 ERROR [storage] Connection timeout (ID: 18963)
2025-03-25 00:33:36.874 ERROR [database] Database query failed (ID: 18559)
2025-03-25 06:58:43.383 CRITICAL [api] Unspecified event occurred (code: 97) (ID: 80392)
2025-03-25 17:46:09.779 WARNING [network] Retrying request... (ID: 44766)
2025-03-25 05:04:05.653 DEBUG [database] Unspecified event occurred (code: 39) (ID: 13823)
2025-03-25 01:45:10.064 INFO [api] Request from user1 processed (ID: 27528)
2025-03-25 17:16:36.854 WARNING [api] Retrying request... (ID: 13269)
2025-03-25 15:16:07.415 ERROR [cache] File not found (ID: 95248)
2025-03-25 06:22:47.149 INFO [database] User 'admin' logged in (ID: 21976)
2025-03-25 04:02:26.985 CRITICAL [storage] Unspecified event occurred (code: 68) (ID: 14277)
2025-03-25 04:46:56.640 WARNING [api] Deprecated API call (ID: 88993)
2025-03-25 07:04:10.302 DEBUG [storage] Unspecified event occurred (code: 14) (ID: 58455)
2025-03-25 16:04:08.287 WARNING [database] High latency detected (ID: 57346)
2025-03-25 15:19:05.564 ERROR [network] Database query failed (ID: 43794)
2025-03-25 20:15:06.598 WARNING [cache] High latency detected (ID: 83650)
2025-03-25 09:49:02.140 WARNING [storage] High latency detected (ID: 66664)
2025-03-25 19:42:35.428 INFO [network] Request from user1 processed (ID: 12690)
2025-03-25 11:33:13.575 CRITICAL [auth] Unspecified event occurred (code: 51) (ID: 18971)
2025-03-25 05:30:02.683 WARNING [auth] High latency detected (ID: 21721)
2025-03-24 21:36:29.637 DEBUG [database] Unspecified event occurred (code: 98) (ID: 18821)
2025-03-25 10:05:54.964 ERROR [storage] Connection timeout (ID: 41817)
2025-03-25 13:30:35.402 WARNING [auth] Retrying request... (ID: 36780)
2025-03-25 17:56:39.034 INFO [api] Cache updated for backup (ID: 84666)
2025-03-25 18:38:44.308 ERROR [storage] File not found (ID: 44273)
2025-03-24 22:12:47.315 INFO [api] Request from backup processed (ID: 85956)
2025-03-25 16:32:49.963 CRITICAL [network] Unspecified event occurred (code: 12) (ID: 25035)
CORRUPTED_LINE: 2025-03-25 16:32:49.963 BAD_DATA
2025-03-24 21:00:52.273 CRITICAL [network] Unspecified event occurred (code: 15) (ID: 24476)
2025-03-25 11:25:41.514 CRITICAL [auth] Unspecified event occurred (code: 53) (ID: 91182)
2025-03-25 03:05:51.309 ERROR [database] Database query failed (ID: 68615)
2025-03-25 09:55:20.463 DEBUG [auth] Unspecified event occurred (code: 87) (ID: 93996)
2025-03-25 05:00:00.462 ERROR [network] Connection timeout (ID: 74982)
2025-03-25 06:14:52.213 ERROR [database] Connection timeout (ID: 70902)
CORRUPTED_LINE: 2025-03-25 06:14:52.213 BAD_DATA
2025-03-25 08:14:35.524 CRITICAL [network] Unspecified event occurred (code: 77) (ID: 33870)
2025-03-24 22:47:50.332 DEBUG [database] Unspecified event occurred (code: 44) (ID: 51715)
2025-03-24 23:30:42.806 INFO [cache] Request from admin processed (ID: 80977)
2025-03-24 23:22:09.093 DEBUG [api] Unspecified event occurred (code: 21) (ID: 81012)
2025-03-25 07:22:00.648 CRITICAL [api] Unspecified event occurred (code: 29) (ID: 49243)
2025-03-24 20:57:04.874 CRITICAL [cache] Unspecified event occurred (code: 95) (ID: 78072)
2025-03-25 03:58:44.479 DEBUG [database] Unspecified event occurred (code: 53) (ID: 45714)
2025-03-25 02:56:46.745 CRITICAL [storage] Unspecified event occurred (code: 88) (ID: 86079)
2025-03-24 22:36:04.645 INFO [auth] Cache updated for backup (ID: 78678)
2025-03-25 15:41:48.275 CRITICAL [cache] Unspecified event occurred (code: 14) (ID: 19560)
2025-03-25 06:54:29.418 DEBUG [network] Unspecified event occurred (code: 81) (ID: 16345)
2025-03-25 20:11:37.053 DEBUG [database] Unspecified event occurred (code: 10) (ID: 72567)
2025-03-25 12:23:41.054 WARNING [network] High latency detected (ID: 73559)
2025-03-25 08:38:12.629 ERROR [storage] Connection timeout (ID: 72025)
2025-03-24 21:17:58.822 INFO [network] Cache updated for admin (ID: 64096)
2025-03-25 11:54:39.374 ERROR [database] File not found (ID: 89844)
2025-03-25 10:27:05.785 CRITICAL [network] Unspecified event occurred (code: 80) (ID: 21820)
2025-03-25 18:34:57.387 INFO [auth] Request from system processed (ID: 21738)
2025-03-25 17:16:44.950 DEBUG [cache] Unspecified event occurred (code: 75) (ID: 92770)
2025-03-25 19:44:45.644 WARNING [storage] Retrying request... (ID: 22871)
2025-03-25 09:07:34.301 WARNING [cache] Retrying request... (ID: 40789)
2025-03-25 13:17:50.918 ERROR [api] Invalid credentials (ID: 39473)
2025-03-25 04:56:40.509 WARNING [cache] Retrying request... (ID: 41961)
CORRUPTED_LINE: 2025-03-25 04:56:40.509 BAD_DATA
2025-03-25 19:13:37.609 DEBUG [network] Unspecified event occurred (code: 73) (ID: 10465)
2025-03-25 03:53:06.544 ERROR [storage] Database query failed (ID: 96080)
2025-03-25 15:22:09.336 ERROR [storage] Invalid credentials (ID: 20732)
2025-03-24 21:22:09.458 CRITICAL [database] Unspecified event occurred (code: 68) (ID: 77608)
2025-03-25 00:47:26.793 CRITICAL [auth] Unspecified event occurred (code: 7) (ID: 33527)
2025-03-25 11:38:28.068 ERROR [auth] Connection timeout (ID: 30616)
2025-03-24 23:35:58.766 DEBUG [database] Unspecified event occurred (code: 10) (ID: 56200)
2025-03-25 04:10:20.039 WARNING [auth] Retrying request... (ID: 97540)
2025-03-25 05:58:34.973 WARNING [database] Deprecated API call (ID: 97708)
2025-03-25 02:12:56.543 ERROR [storage] Invalid credentials (ID: 96909)
2025-03-25 05:34:45.200 CRITICAL [database] Unspecified event occurred (code: 34) (ID: 69545)
2025-03-25 15:28:41.805 DEBUG [auth] Unspecified event occurred (code: 38) (ID: 86337)
2025-03-25 10:16:33.354 INFO [storage] Cache updated for backup (ID: 23046)
2025-03-25 06:10:23.318 ERROR [database] Connection timeout (ID: 40258)
2025-03-25 00:30:16.553 DEBUG [database] Unspecified event occurred (code: 33) (ID: 89750)
2025-03-25 15:23:12.991 INFO [storage] Request from user1 processed (ID: 26894)
2025-03-25 00:22:32.574 ERROR [storage] Invalid credentials (ID: 82164)
2025-03-25 08:41:38.187 DEBUG [api] Unspecified event occurred (code: 2) (ID: 74260)
2025-03-25 13:24:26.573 CRITICAL [auth] Unspecified event occurred (code: 100) (ID: 88290)
2025-03-25 01:40:37.310 DEBUG [auth] Unspecified event occurred (code: 37) (ID: 32625)
2025-03-25 16:37:04.579 INFO [cache] Cache updated for admin (ID: 49003)
2025-03-24 22:45:10.659 DEBUG [storage] Unspecified event occurred (code: 16) (ID: 44066)
2025-03-25 15:27:56.115 CRITICAL [storage] Unspecified event occurred (code: 14) (ID: 15704)
2025-03-25 09:23:58.811 CRITICAL [database] Unspecified event occurred (code: 54) (ID: 83533)
2025-03-25 13:17:47.574 DEBUG [network] Unspecified event occurred (code: 15) (ID: 80824)
2025-03-25 11:02:47.937 CRITICAL [database] Unspecified event occurred (code: 73) (ID: 39489)
2025-03-25 00:51:15.787 INFO [storage] Cache updated for backup (ID: 76891)
2025-03-25 20:24:31.384 WARNING [database] Deprecated API call (ID: 11324)
2025-03-25 05:07:06.579 DEBUG [auth] Unspecified event occurred (code: 40) (ID: 27138)
2025-03-25 15:59:58.047 CRITICAL [api] Unspecified event occurred (code: 55) (ID: 66327)
2025-03-25 03:03:41.939 CRITICAL [network] Unspecified event occurred (code: 56) (ID: 14676)
2025-03-25 15:48:56.261 WARNING [auth] Deprecated API call (ID: 97341)
2025-03-25 20:27:37.345 DEBUG [cache] Unspecified event occurred (code: 64) (ID: 54984)
2025-03-25 03:20:19.406 DEBUG [cache] Unspecified event occurred (code: 1) (ID: 66796)
2025-03-25 09:21:32.703 CRITICAL [cache] Unspecified event occurred (code: 17) (ID: 23249)
2025-03-25 09:28:52.407 WARNING [database] Deprecated API call (ID: 37117)
2025-03-25 09:08:51.158 ERROR [auth] Database query failed (ID: 11979)
2025-03-25 02:21:52.839 WARNING [storage] Retrying request... (ID: 95752)
2025-03-25 04:22:15.352 ERROR [network] Connection timeout (ID: 68814)
2025-03-25 11:55:22.400 CRITICAL [cache] Unspecified event occurred (code: 47) (ID: 12153)
2025-03-25 07:59:21.323 WARNING [cache] Retrying request... (ID: 53270)
2025-03-24 23:20:07.322 ERROR [network] Invalid credentials (ID: 42239)
2025-03-25 18:02:27.100 CRITICAL [database] Unspecified event occurred (code: 96) (ID: 67811)
2025-03-24 23:58:56.493 WARNING [storage] High latency detected (ID: 78724)
2025-03-25 06:20:01.818 ERROR [database] Connection timeout (ID: 64872)
2025-03-25 09:40:25.118 WARNING [network] Deprecated API call (ID: 47382)
2025-03-25 03:10:18.508 DEBUG [auth] Unspecified event occurred (code: 31) (ID: 47405)
2025-03-24 22:02:08.211 CRITICAL [cache] Unspecified event occurred (code: 65) (ID: 15350)
2025-03-24 21:33:27.853 INFO [cache] User 'guest' logged in (ID: 67816)
2025-03-25 07:20:22.767 CRITICAL [cache] Unspecified event occurred (code: 77) (ID: 77728)
2025-03-25 02:17:35.363 WARNING [api] Retrying request... (ID: 49670)
2025-03-24 23:17:41.301 DEBUG [storage] Unspecified event occurred (code: 96) (ID: 33041)
2025-03-25 15:25:49.037 ERROR [auth] Connection timeout (ID: 60573)
CORRUPTED_LINE: 2025-03-25 15:25:49.037 BAD_DATA
2025-03-25 07:02:20.276 INFO [database] Cache updated for admin (ID: 39134)
2025-03-25 01:08:25.063 INFO [auth] Cache updated for admin (ID: 74908)
CORRUPTED_LINE: 2025-03-25 01:08:25.063 BAD_DATA
2025-03-24 21:13:04.452 WARNING [cache] Retrying request... (ID: 62699)
2025-03-25 15:32:49.776 INFO [cache] Cache updated for guest (ID: 67735)
2025-03-25 16:13:10.478 INFO [cache] Cache updated for backup (ID: 98156)
2025-03-25 09:26:38.479 DEBUG [api] Unspecified event occurred (code: 38) (ID: 63409)
2025-03-25 16:20:16.606 DEBUG [storage] Unspecified event occurred (code: 70) (ID: 17645)
CORRUPTED_LINE: 2025-03-25 16:20:16.606 BAD_DATA
2025-03-25 10:57:09.121 ERROR [storage] Invalid credentials (ID: 79258)
2025-03-25 16:35:35.907 DEBUG [storage] Unspecified event occurred (code: 88) (ID: 85273)
CORRUPTED_LINE: 2025-03-25 16:35:35.907 BAD_DATA
2025-03-25 13:11:05.950 INFO [network] Request from backup processed (ID: 73403)
2025-03-25 15:18:02.357 WARNING [api] High latency detected (ID: 75167)
2025-03-25 08:32:01.314 INFO [network] Request from backup processed (ID: 40540)
2025-03-25 02:56:22.451 WARNING [network] Deprecated API call (ID: 15651)
2025-03-25 10:01:58.082 ERROR [storage] File not found (ID: 12598)
2025-03-24 22:19:07.806 WARNING [auth] Retrying request... (ID: 42538)
2025-03-25 03:22:08.061 DEBUG [auth] Unspecified event occurred (code: 80) (ID: 45898)
2025-03-25 11:09:42.954 INFO [storage] Request from admin processed (ID: 18128)
2025-03-25 06:12:04.578 CRITICAL [api] Unspecified event occurred (code: 13) (ID: 27215)
2025-03-25 16:33:43.699 INFO [cache] User 'backup' logged in (ID: 88029)
2025-03-25 14:21:05.069 DEBUG [network] Unspecified event occurred (code: 61) (ID: 64177)
2025-03-25 11:04:41.454 CRITICAL [storage] Unspecified event occurred (code: 23) (ID: 94884)
CORRUPTED_LINE: 2025-03-25 11:04:41.454 BAD_DATA
2025-03-25 09:50:27.725 DEBUG [network] Unspecified event occurred (code: 54) (ID: 60299)
2025-03-25 16:01:38.451 ERROR [storage] File not found (ID: 93556)
2025-03-25 13:41:41.723 WARNING [database] Retrying request... (ID: 33672)
2025-03-25 16:53:33.877 WARNING [auth] Deprecated API call (ID: 74818)
2025-03-25 00:43:27.605 DEBUG [api] Unspecified event occurred (code: 91) (ID: 66869)
2025-03-25 18:45:00.716 WARNING [network] Deprecated API call (ID: 88549)
2025-03-25 07:23:09.666 CRITICAL [cache] Unspecified event occurred (code: 28) (ID: 75119)
2025-03-24 23:01:05.389 CRITICAL [network] Unspecified event occurred (code: 8) (ID: 45873)
2025-03-25 11:57:33.082 INFO [database] Cache updated for admin (ID: 53292)
2025-03-25 02:39:06.510 WARNING [api] Deprecated API call (ID: 69370)
2025-03-24 23:51:15.324 ERROR [cache] File not found (ID: 21485)
2025-03-25 14:36:37.589 INFO [auth] Request from user1 processed (ID: 98166)
2025-03-25 02:00:02.294 ERROR [storage] Database query failed (ID: 20775)
2025-03-25 00:47:40.556 CRITICAL [auth] Unspecified event occurred (code: 12) (ID: 26610)
2025-03-25 12:51:33.164 ERROR [network] Invalid credentials (ID: 75442)
CORRUPTED_LINE: 2025-03-25 12:51:33.164 BAD_DATA
2025-03-25 13:53:01.183 DEBUG [storage] Unspecified event occurred (code: 7) (ID: 85883)
2025-03-25 01:51:31.199 WARNING [cache] Deprecated API call (ID: 69234)
2025-03-25 01:29:00.034 CRITICAL [cache] Unspecified event occurred (code: 33) (ID: 25422)
2025-03-25 19:17:53.161 INFO [storage] User 'backup' logged in (ID: 81336)
2025-03-25 04:41:39.616 DEBUG [network] Unspecified event occurred (code: 53) (ID: 24565)
2025-03-25 16:47:29.507 ERROR [auth] Connection timeout (ID: 27465)
2025-03-25 20:49:18.749 ERROR [database] Database query failed (ID: 92626)
2025-03-25 10:40:22.876 DEBUG [cache] Unspecified event occurred (code: 65) (ID: 12418)
2025-03-25 09:46:04.165 CRITICAL [network] Unspecified event occurred (code: 96) (ID: 20008)
2025-03-25 05:25:58.853 INFO [api] Request from guest processed (ID: 75263)
2025-03-25 17:28:40.139 ERROR [cache] Database query failed (ID: 10200)
2025-03-25 05:44:28.117 ERROR [auth] Invalid credentials (ID: 42064)
2025-03-25 02:39:54.851 INFO [storage] Request from guest processed (ID: 76977)
2025-03-25 00:11:59.478 DEBUG [database] Unspecified event occurred (code: 72) (ID: 76113)
2025-03-25 18:40:34.009 WARNING [database] High latency detected (ID: 14650)
2025-03-25 20:11:06.412 CRITICAL [auth] Unspecified event occurred (code: 68) (ID: 88602)
2025-03-25 20:25:00.013 INFO [database] Cache updated for admin (ID: 93874)
2025-03-25 03:27:14.270 WARNING [api] High latency detected (ID: 63238)
2025-03-25 15:10:43.940 DEBUG [database] Unspecified event occurred (code: 92) (ID: 39021)
2025-03-25 00:11:40.406 INFO [cache] Cache updated for backup (ID: 96859)
2025-03-25 17:44:26.347 DEBUG [api] Unspecified event occurred (code: 1) (ID: 21960)
2025-03-25 06:34:06.508 INFO [storage] Request from backup processed (ID: 91449)
2025-03-25 08:59:54.765 ERROR [auth] Database query failed (ID: 76023)
2025-03-25 10:55:27.900 INFO [api] Request from guest processed (ID: 67407)
2025-03-25 04:35:44.571 DEBUG [api] Unspecified event occurred (code: 20) (ID: 19463)
2025-03-25 02:43:00.260 CRITICAL [database] Unspecified event occurred (code: 50) (ID: 45248)
2025-03-25 06:23:43.358 ERROR [api] Database query failed (ID: 59300)
2025-03-24 22:38:16.273 INFO [api] Cache updated for backup (ID: 84722)
2025-03-25 01:53:29.371 INFO [network] Cache updated for guest (ID: 60645)
2025-03-24 20:59:52.453 CRITICAL [cache] Unspecified event occurred (code: 8) (ID: 87235)
2025-03-25 14:14:17.353 WARNING [auth] Deprecated API call (ID: 92942)
2025-03-25 04:15:57.834 ERROR [network] Connection timeout (ID: 57792)
2025-03-25 00:15:01.882 WARNING [network] High latency detected (ID: 82094)
2025-03-25 14:51:50.449 INFO [auth] User 'admin' logged in (ID: 95484)
2025-03-24 21:58:22.909 INFO [network] Request from user1 processed (ID: 45881)
2025-03-25 19:14:10.780 DEBUG [storage] Unspecified event occurred (code: 50) (ID: 80129)
2025-03-24 21:35:01.889 ERROR [database] Connection timeout (ID: 31008)
2025-03-25 03:39:22.478 DEBUG [cache] Unspecified event occurred (code: 60) (ID: 20417)
2025-03-24 22:55:02.108 DEBUG [database] Unspecified event occurred (code: 89) (ID: 40436)
2025-03-24 21:36:13.553 INFO [storage] User 'guest' logged in (ID: 23200)
2025-03-25 10:00:25.622 INFO [storage] Request from backup processed (ID: 95656)
2025-03-25 18:08:04.173 CRITICAL [api] Unspecified event occurred (code: 63) (ID: 45566)
2025-03-25 06:42:16.160 WARNING [storage] Deprecated API call (ID: 17439)
2025-03-25 15:48:59.998 CRITICAL [database] Unspecified event occurred (code: 18) (ID: 91726)
2025-03-25 15:40:17.108 DEBUG [api] Unspecified event occurred (code: 73) (ID: 69968)
CORRUPTED_LINE: 2025-03-25 15:40:17.108 BAD_DATA
2025-03-25 15:46:22.503 WARNING [api] Retrying request... (ID: 64397)
2025-03-25 08:22:09.839 WARNING [cache] High latency detected (ID: 82003)
2025-03-25 06:30:06.197 WARNING [storage] Retrying request... (ID: 14328)
2025-03-24 22:37:25.415 CRITICAL [api] Unspecified event occurred (code: 21) (ID: 75980)
2025-03-25 06:20:27.343 ERROR [api] Invalid credentials (ID: 19255)
2025-03-25 01:07:12.978 INFO [storage] Cache updated for user1 (ID: 44202)
2025-03-24 22:34:47.922 CRITICAL [database] Unspecified event occurred (code: 21) (ID: 13503)
2025-03-25 15:09:22.925 WARNING [network] Deprecated API call (ID: 98570)
2025-03-25 06:40:39.045 ERROR [api] Invalid credentials (ID: 18457)
2025-03-25 00:11:29.938 CRITICAL [network] Unspecified event occurred (code: 57) (ID: 27067)
2025-03-25 05:14:10.221 CRITICAL [api] Unspecified event occurred (code: 28) (ID: 99528)
2025-03-25 20:31:29.701 DEBUG [api] Unspecified event occurred (code: 12) (ID: 30324)
2025-03-25 00:58:56.202 INFO [database] User 'system' logged in (ID: 38048)
CORRUPTED_LINE: 2025-03-25 00:58:56.202 BAD_DATA
2025-03-25 01:08:22.232 ERROR [storage] Invalid credentials (ID: 15165)
2025-03-24 22:50:28.870 DEBUG [cache] Unspecified event occurred (code: 64) (ID: 14400)
2025-03-25 18:17:51.845 DEBUG [storage] Unspecified event occurred (code: 59) (ID: 99546)
2025-03-25 01:26:24.478 INFO [storage] User 'admin' logged in (ID: 28333)
2025-03-25 06:21:02.496 ERROR [auth] File not found (ID: 16760)
2025-03-25 19:43:09.794 ERROR [storage] Connection timeout (ID: 66754)
2025-03-25 19:01:10.051 INFO [database] Cache updated for guest (ID: 10979)
2025-03-25 11:25:03.198 INFO [storage] User 'admin' logged in (ID: 48017)
2025-03-25 04:23:11.496 DEBUG [storage] Unspecified event occurred (code: 37) (ID: 33180)
2025-03-25 02:30:43.186 DEBUG [storage] Unspecified event occurred (code: 5) (ID: 89908)
2025-03-25 11:19:33.640 ERROR [network] Invalid credentials (ID: 42913)
2025-03-25 05:15:48.726 INFO [database] User 'user1' logged in (ID: 41270)
2025-03-25 02:16:49.894 INFO [auth] Cache updated for guest (ID: 27081)
2025-03-25 04:17:50.509 ERROR [api] Database query failed (ID: 21881)
2025-03-25 17:44:40.510 CRITICAL [auth] Unspecified event occurred (code: 56) (ID: 81834)
2025-03-24 22:10:06.756 ERROR [network] File not found (ID: 43047)
2025-03-25 09:31:55.975 ERROR [network] Invalid credentials (ID: 17382)
2025-03-25 00:23:53.978 ERROR [cache] Invalid credentials (ID: 37973)
CORRUPTED_LINE: 2025-03-25 00:23:53.978 BAD_DATA
2025-03-25 18:20:11.092 DEBUG [api] Unspecified event occurred (code: 27) (ID: 53073)
2025-03-25 20:52:46.167 CRITICAL [network] Unspecified event occurred (code: 83) (ID: 33774)
2025-03-24 21:11:37.344 ERROR [auth] Invalid credentials (ID: 57657)
2025-03-24 21:34:42.050 CRITICAL [network] Unspecified event occurred (code: 7) (ID: 89291)
2025-03-25 15:41:38.868 ERROR [database] Invalid credentials (ID: 50462)
2025-03-24 21:51:38.395 ERROR [auth] File not found (ID: 67214)
2025-03-25 17:12:14.600 INFO [auth] User 'guest' logged in (ID: 55477)
2025-03-25 14:05:42.915 CRITICAL [cache] Unspecified event occurred (code: 42) (ID: 66382)
2025-03-25 20:54:06.582 WARNING [api] High latency detected (ID: 57831)
2025-03-25 05:00:26.263 DEBUG [database] Unspecified event occurred (code: 92) (ID: 16501)
2025-03-25 09:12:10.998 INFO [auth] Request from admin processed (ID: 69193)
2025-03-25 20:49:00.273 ERROR [auth] File not found (ID: 24787)
2025-03-25 03:58:58.180 WARNING [api] High latency detected (ID: 72941)
2025-03-25 14:52:51.182 DEBUG [database] Unspecified event occurred (code: 46) (ID: 71802)
2025-03-25 04:01:05.154 ERROR [auth] Database query failed (ID: 56877)
2025-03-25 01:54:32.538 CRITICAL [storage] Unspecified event occurred (code: 80) (ID: 14645)
2025-03-25 05:21:59.829 WARNING [database] Deprecated API call (ID: 73093)
2025-03-25 06:17:39.840 INFO [network] Request from user1 processed (ID: 12129)
2025-03-25 02:55:55.232 WARNING [api] Deprecated API call (ID: 98487)
2025-03-25 11:31:12.397 CRITICAL [database] Unspecified event occurred (code: 99) (ID: 84193)
2025-03-25 08:24:23.419 ERROR [cache] Database query failed (ID: 81824)
2025-03-24 21:03:53.282 ERROR [auth] Invalid credentials (ID: 97838)
2025-03-25 18:20:14.419 ERROR [database] File not found (ID: 52500)
2025-03-25 03:13:48.218 ERROR [storage] File not found (ID: 25602)
2025-03-25 07:35:09.960 DEBUG [network] Unspecified event occurred (code: 21) (ID: 57888)
2025-03-25 10:48:30.714 WARNING [database] High latency detected (ID: 52540)
2025-03-25 17:04:02.369 ERROR [storage] Invalid credentials (ID: 84215)
2025-03-25 14:30:47.965 ERROR [auth] Invalid credentials (ID: 17315)
2025-03-24 21:36:59.969 ERROR [cache] File not found (ID: 22064)
2025-03-24 21:05:41.509 ERROR [api] Database query failed (ID: 85193)
2025-03-25 12:28:46.281 INFO [network] User 'system' logged in (ID: 31320)
2025-03-24 22:57:42.265 CRITICAL [database] Unspecified event occurred (code: 47) (ID: 47855)
2025-03-25 14:20:29.416 CRITICAL [database] Unspecified event occurred (code: 9) (ID: 92723)
2025-03-25 00:43:21.489 WARNING [api] Retrying request... (ID: 17972)
2025-03-25 06:32:46.771 CRITICAL [storage] Unspecified event occurred (code: 18) (ID: 62547)
2025-03-25 20:02:42.111 WARNING [cache] Retrying request... (ID: 88668)
2025-03-25 06:19:02.392 ERROR [network] File not found (ID: 66923)
2025-03-25 10:20:17.773 CRITICAL [network] Unspecified event occurred (code: 86) (ID: 37830)
2025-03-25 00:21:35.158 INFO [auth] Request from guest processed (ID: 65354)
2025-03-25 19:14:51.991 WARNING [api] High latency detected (ID: 26834)
2025-03-25 20:29:55.450 INFO [database] Request from user1 processed (ID: 77937)
2025-03-25 14:04:15.045 CRITICAL [storage] Unspecified event occurred (code: 42) (ID: 49009)
2025-03-25 12:23:03.290 DEBUG [cache] Unspecified event occurred (code: 7) (ID: 31253)
2025-03-25 13:57:21.854 INFO [api] Cache updated for backup (ID: 27524)
2025-03-25 13:20:43.120 INFO [database] Request from guest processed (ID: 38629)
2025-03-25 18:27:01.691 INFO [database] Request from guest processed (ID: 27751)
2025-03-25 16:20:01.883 WARNING [cache] Deprecated API call (ID: 79440)
2025-03-25 12:26:45.032 INFO [storage] Request from system processed (ID: 62618)
2025-03-25 00:33:13.706 INFO [auth] Cache updated for system (ID: 11004)
2025-03-24 21:24:36.821 WARNING [cache] Deprecated API call (ID: 29397)
2025-03-25 11:10:24.181 CRITICAL [storage] Unspecified event occurred (code: 13) (ID: 54247)
2025-03-24 23:11:57.516 WARNING [cache] High latency detected (ID: 78155)
CORRUPTED_LINE: 2025-03-24 23:11:57.516 BAD_DATA
2025-03-25 19:48:03.767 ERROR [storage] File not found (ID: 95391)
2025-03-25 15:34:51.413 ERROR [database] Invalid credentials (ID: 71953)
CORRUPTED_LINE: 2025-03-25 15:34:51.413 BAD_DATA
2025-03-25 10:01:19.332 ERROR [api] Database query failed (ID: 81095)
2025-03-25 05:57:39.567 ERROR [database] Connection timeout (ID: 93722)
2025-03-25 08:09:09.891 ERROR [auth] File not found (ID: 48609)
2025-03-25 04:16:35.241 ERROR [auth] File not found (ID: 14429)
2025-03-25 15:43:36.446 CRITICAL [storage] Unspecified event occurred (code: 22) (ID: 47115)
CORRUPTED_LINE: 2025-03-25 15:43:36.446 BAD_DATA
2025-03-24 21:43:29.826 WARNING [network] High latency detected (ID: 57620)
2025-03-25 12:42:07.093 ERROR [api] Connection timeout (ID: 17540)
2025-03-24 21:04:07.911 ERROR [auth] Invalid credentials (ID: 26083)
2025-03-25 07:42:01.512 CRITICAL [network] Unspecified event occurred (code: 47) (ID: 33255)
2025-03-25 07:34:44.254 ERROR [database] Invalid credentials (ID: 32227)
2025-03-24 21:30:14.588 DEBUG [network] Unspecified event occurred (code: 38) (ID: 58527)
2025-03-24 21:30:55.900 CRITICAL [database] Unspecified event occurred (code: 90) (ID: 62642)
2025-03-25 16:26:14.740 WARNING [storage] Deprecated API call (ID: 10670)
2025-03-25 19:46:53.587 DEBUG [storage] Unspecified event occurred (code: 74) (ID: 28480)
2025-03-25 09:32:28.880 WARNING [api] Deprecated API call (ID: 39801)
2025-03-25 09:51:29.715 CRITICAL [auth] Unspecified event occurred (code: 64) (ID: 65953)
2025-03-25 17:45:51.092 WARNING [api] Deprecated API call (ID: 76105)
2025-03-25 19:39:59.155 WARNING [database] Deprecated API call (ID: 92490)
2025-03-25 13:51:02.142 CRITICAL [network] Unspecified event occurred (code: 89) (ID: 72149)
2025-03-25 02:54:27.631 INFO [auth] Cache updated for guest (ID: 73203)
2025-03-25 04:51:20.365 ERROR [storage] Connection timeout (ID: 86453)
2025-03-25 08:53:30.590 WARNING [database] High latency detected (ID: 99202)
2025-03-25 17:05:55.661 INFO [auth] Request from guest processed (ID: 51645)
2025-03-25 12:42:17.756 DEBUG [api] Unspecified event occurred (code: 9) (ID: 64611)
2025-03-25 01:51:29.684 CRITICAL [database] Unspecified event occurred (code: 94) (ID: 63599)
2025-03-25 18:21:42.883 DEBUG [network] Unspecified event occurred (code: 44) (ID: 50191)
2025-03-25 10:43:16.525 ERROR [auth] File not found (ID: 58007)
2025-03-25 08:22:29.047 CRITICAL [network] Unspecified event occurred (code: 33) (ID: 93227)
2025-03-25 03:05:17.056 ERROR [storage] File not found (ID: 38963)
2025-03-25 03:25:30.740 INFO [api] Request from user1 processed (ID: 98872)
2025-03-25 17:13:46.780 ERROR [cache] File not found (ID: 72055)
2025-03-24 21:17:57.550 ERROR [network] Invalid credentials (ID: 32570)
2025-03-25 17:56:55.206 ERROR [api] File not found (ID: 75437)
2025-03-25 20:39:45.873 DEBUG [cache] Unspecified event occurred (code: 95) (ID: 10168)
2025-03-25 11:04:59.879 WARNING [cache] High latency detected (ID: 60763)
2025-03-25 12:39:46.770 INFO [network] Request from system processed (ID: 51887)
2025-03-25 20:11:44.871 INFO [database] User 'user1' logged in (ID: 72080)
2025-03-25 09:36:36.559 WARNING [database] High latency detected (ID: 23717)
2025-03-25 16:23:45.854 DEBUG [cache] Unspecified event occurred (code: 79) (ID: 69497)
2025-03-25 11:04:02.881 DEBUG [cache] Unspecified event occurred (code: 55) (ID: 78381)
2025-03-25 12:07:10.174 DEBUG [database] Unspecified event occurred (code: 9) (ID: 69490)
2025-03-24 23:24:39.408 ERROR [storage] Connection timeout (ID: 60504)
2025-03-25 07:19:10.111 ERROR [api] File not found (ID: 10043)
2025-03-25 19:46:54.580 CRITICAL [storage] Unspecified event occurred (code: 81) (ID: 14228)
2025-03-25 09:33:12.461 ERROR [storage] File not found (ID: 21088)
2025-03-25 13:39:40.801 INFO [auth] User 'backup' logged in (ID: 28113)
2025-03-25 09:26:19.768 INFO [auth] Request from backup processed (ID: 75271)
2025-03-25 19:53:49.129 ERROR [storage] Database query failed (ID: 87774)
2025-03-25 02:32:54.860 ERROR [storage] Invalid credentials (ID: 76494)
2025-03-25 02:48:43.442 CRITICAL [network] Unspecified event occurred (code: 41) (ID: 17326)
2025-03-24 21:27:17.292 DEBUG [storage] Unspecified event occurred (code: 55) (ID: 44850)
2025-03-25 16:03:04.597 ERROR [database] Invalid credentials (ID: 31635)
2025-03-25 19:03:06.255 INFO [api] Request from user1 processed (ID: 52154)
2025-03-25 04:51:11.965 DEBUG [database] Unspecified event occurred (code: 34) (ID: 83791)
2025-03-25 07:39:19.453 ERROR [api] File not found (ID: 23947)
2025-03-25 00:20:58.112 WARNING [cache] Deprecated API call (ID: 46214)
2025-03-25 09:11:08.081 ERROR [auth] File not found (ID: 41579)
2025-03-25 17:45:44.060 DEBUG [api] Unspecified event occurred (code: 95) (ID: 87628)
2025-03-25 19:28:44.840 CRITICAL [auth] Unspecified event occurred (code: 51) (ID: 75033)
2025-03-25 05:48:16.071 DEBUG [database] Unspecified event occurred (code: 79) (ID: 55448)
2025-03-25 15:36:06.049 WARNING [storage] Retrying request... (ID: 23454)
2025-03-25 13:38:42.499 CRITICAL [network] Unspecified event occurred (code: 35) (ID: 18119)
2025-03-25 12:11:54.529 INFO [network] Cache updated for guest (ID: 57064)
2025-03-24 22:25:38.230 DEBUG [storage] Unspecified event occurred (code: 37) (ID: 70680)
2025-03-25 14:36:47.561 WARNING [cache] Deprecated API call (ID: 42904)
2025-03-25 00:08:14.992 DEBUG [api] Unspecified event occurred (code: 29) (ID: 32458)
2025-03-25 19:40:08.677 INFO [network] Request from admin processed (ID: 87628)
2025-03-25 08:10:23.403 CRITICAL [storage] Unspecified event occurred (code: 70) (ID: 33738)
2025-03-25 14:47:04.713 INFO [auth] Request from guest processed (ID: 76945)
2025-03-25 02:41:13.733 ERROR [api] Connection timeout (ID: 12368)
2025-03-25 07:10:14.975 WARNING [database] Retrying request... (ID: 70653)
2025-03-25 04:38:57.969 WARNING [network] Retrying request... (ID: 49264)
2025-03-25 08:06:34.486 ERROR [auth] Connection timeout (ID: 49067)
2025-03-25 09:20:15.234 CRITICAL [cache] Unspecified event occurred (code: 30) (ID: 54522)
2025-03-25 10:54:17.808 CRITICAL [storage] Unspecified event occurred (code: 56) (ID: 44222)
2025-03-24 21:06:44.820 DEBUG [api] Unspecified event occurred (code: 85) (ID: 84303)
2025-03-25 01:37:10.376 DEBUG [cache] Unspecified event occurred (code: 34) (ID: 37303)
2025-03-25 07:39:21.922 CRITICAL [storage] Unspecified event occurred (code: 16) (ID: 20231)
2025-03-25 20:46:19.129 DEBUG [auth] Unspecified event occurred (code: 40) (ID: 45669)
2025-03-25 00:33:26.019 ERROR [api] Database query failed (ID: 74079)
2025-03-25 02:05:29.084 CRITICAL [storage] Unspecified event occurred (code: 88) (ID: 68813)
2025-03-25 12:30:48.954 WARNING [api] Deprecated API call (ID: 13837)
2025-03-25 18:12:46.983 WARNING [storage] Deprecated API call (ID: 14259)
2025-03-25 07:38:55.057 ERROR [api] Database query failed (ID: 57775)
2025-03-25 05:48:18.011 CRITICAL [auth] Unspecified event occurred (code: 1) (ID: 36820)
2025-03-25 08:10:08.086 WARNING [auth] Deprecated API call (ID: 98625)
2025-03-25 07:22:40.312 CRITICAL [storage] Unspecified event occurred (code: 40) (ID: 79302)
2025-03-25 07:30:17.500 ERROR [storage] File not found (ID: 49399)
2025-03-25 12:45:15.727 WARNING [network] Retrying request... (ID: 75974)
2025-03-24 21:46:42.746 WARNING [auth] Deprecated API call (ID: 52051)
2025-03-25 02:01:02.207 DEBUG [auth] Unspecified event occurred (code: 4) (ID: 56366)
2025-03-25 07:58:15.811 WARNING [cache] Deprecated API call (ID: 44172)
2025-03-25 02:43:21.222 INFO [api] Cache updated for guest (ID: 89329)
2025-03-25 13:14:17.909 ERROR [storage] File not found (ID: 71235)
2025-03-25 14:31:36.171 CRITICAL [auth] Unspecified event occurred (code: 13) (ID: 17485)
2025-03-25 15:18:44.248 INFO [storage] Request from user1 processed (ID: 20896)
2025-03-25 16:13:43.263 CRITICAL [database] Unspecified event occurred (code: 75) (ID: 54015)
2025-03-25 08:20:23.515 CRITICAL [api] Unspecified event occurred (code: 81) (ID: 49125)
2025-03-25 15:44:29.228 WARNING [api] Deprecated API call (ID: 37751)
2025-03-25 08:00:46.364 CRITICAL [cache] Unspecified event occurred (code: 57) (ID: 12886)
2025-03-25 11:32:04.033 CRITICAL [auth] Unspecified event occurred (code: 44) (ID: 10581)
2025-03-25 13:29:42.206 INFO [cache] User 'user1' logged in (ID: 97525)
2025-03-25 08:04:22.717 CRITICAL [database] Unspecified event occurred (code: 58) (ID: 76879)
2025-03-24 22:07:01.822 INFO [storage] Request from user1 processed (ID: 45923)
2025-03-24 23:21:25.104 INFO [auth] Request from system processed (ID: 63139)
2025-03-25 02:33:51.984 DEBUG [storage] Unspecified event occurred (code: 48) (ID: 75872)
2025-03-25 03:56:49.465 INFO [auth] Cache updated for guest (ID: 45974)
2025-03-25 10:57:36.227 DEBUG [database] Unspecified event occurred (code: 31) (ID: 41109)
2025-03-24 21:57:48.510 CRITICAL [storage] Unspecified event occurred (code: 42) (ID: 14175)
CORRUPTED_LINE: 2025-03-24 21:57:48.510 BAD_DATA
2025-03-25 00:06:43.316 WARNING [cache] Deprecated API call (ID: 26248)
2025-03-25 11:22:15.272 ERROR [auth] Database query failed (ID: 35264)
2025-03-25 04:36:58.110 DEBUG [storage] Unspecified event occurred (code: 22) (ID: 51776)
2025-03-24 23:16:23.385 CRITICAL [storage] Unspecified event occurred (code: 35) (ID: 85297)
2025-03-25 13:48:47.823 DEBUG [auth] Unspecified event occurred (code: 64) (ID: 10630)
CORRUPTED_LINE: 2025-03-25 13:48:47.823 BAD_DATA
2025-03-25 13:43:12.019 INFO [network] Cache updated for backup (ID: 97238)
2025-03-25 02:04:59.726 WARNING [cache] High latency detected (ID: 75601)
2025-03-25 14:23:58.577 CRITICAL [database] Unspecified event occurred (code: 51) (ID: 67685)
2025-03-25 20:40:57.898 ERROR [auth] Invalid credentials (ID: 88339)
CORRUPTED_LINE: 2025-03-25 20:40:57.898 BAD_DATA
2025-03-25 00:10:45.946 ERROR [api] Connection timeout (ID: 56297)
2025-03-24 23:15:52.154 CRITICAL [database] Unspecified event occurred (code: 83) (ID: 19147)
2025-03-25 14:46:25.583 CRITICAL [database] Unspecified event occurred (code: 42) (ID: 30480)
2025-03-25 02:45:45.928 CRITICAL [cache] Unspecified event occurred (code: 9) (ID: 58171)
2025-03-25 10:38:02.005 DEBUG [cache] Unspecified event occurred (code: 73) (ID: 49023)
2025-03-25 15:23:13.964 WARNING [network] Retrying request... (ID: 26847)
2025-03-25 05:41:06.184 CRITICAL [database] Unspecified event occurred (code: 65) (ID: 82216)
2025-03-25 15:51:54.495 ERROR [network] File not found (ID: 17265)
2025-03-25 16:45:04.178 CRITICAL [network] Unspecified event occurred (code: 86) (ID: 78288)
2025-03-25 17:28:30.768 WARNING [auth] High latency detected (ID: 82225)
2025-03-25 17:19:56.146 CRITICAL [auth] Unspecified event occurred (code: 85) (ID: 90513)
2025-03-25 09:29:36.942 CRITICAL [api] Unspecified event occurred (code: 34) (ID: 69697)
2025-03-25 00:00:45.267 CRITICAL [database] Unspecified event occurred (code: 89) (ID: 59267)
2025-03-25 14:49:21.337 ERROR [database] Connection timeout (ID: 70437)
2025-03-25 14:08:35.297 ERROR [storage] Invalid credentials (ID: 21893)
2025-03-25 00:11:12.277 WARNING [api] Deprecated API call (ID: 37781)
2025-03-25 02:36:45.661 WARNING [database] Retrying request... (ID: 66562)
2025-03-25 18:15:13.889 ERROR [api] Invalid credentials (ID: 61111)
2025-03-25 04:58:17.202 ERROR [network] Invalid credentials (ID: 46826)
2025-03-25 07:56:33.017 DEBUG [storage] Unspecified event occurred (code: 21) (ID: 30519)
2025-03-25 20:24:14.926 ERROR [storage] Connection timeout (ID: 46340)
2025-03-25 03:05:58.304 INFO [storage] Cache updated for guest (ID: 38176)
2025-03-25 12:24:21.043 ERROR [api] Database query failed (ID: 74154)
2025-03-25 20:22:18.172 INFO [network] Cache updated for system (ID: 60107)
2025-03-25 16:30:39.128 INFO [network] Cache updated for system (ID: 68401)
2025-03-25 08:58:13.838 ERROR [database] Invalid credentials (ID: 66735)
2025-03-25 17:59:59.136 WARNING [database] Retrying request... (ID: 45160)
2025-03-25 15:32:48.062 CRITICAL [cache] Unspecified event occurred (code: 41) (ID: 74867)
2025-03-24 22:42:48.305 DEBUG [network] Unspecified event occurred (code: 32) (ID: 43126)
2025-03-25 00:50:29.130 ERROR [auth] Connection timeout (ID: 93219)
2025-03-25 13:41:03.749 CRITICAL [network] Unspecified event occurred (code: 81) (ID: 17174)
2025-03-25 06:36:39.267 DEBUG [network] Unspecified event occurred (code: 86) (ID: 33603)
2025-03-25 18:23:02.509 WARNING [cache] Deprecated API call (ID: 42904)
2025-03-25 02:53:28.351 INFO [network] Cache updated for system (ID: 60917)
2025-03-25 03:36:30.315 WARNING [network] Deprecated API call (ID: 87871)
2025-03-25 10:35:35.659 ERROR [api] File not found (ID: 24173)
2025-03-25 00:44:11.377 INFO [auth] Request from admin processed (ID: 44576)
2025-03-25 00:08:45.729 ERROR [auth] File not found (ID: 64899)
2025-03-25 02:55:31.963 ERROR [network] Connection timeout (ID: 64636)
2025-03-25 19:17:57.232 DEBUG [database] Unspecified event occurred (code: 87) (ID: 30269)
2025-03-24 22:53:22.346 DEBUG [api] Unspecified event occurred (code: 30) (ID: 24815)
2025-03-24 21:05:44.780 WARNING [cache] Deprecated API call (ID: 19776)
CORRUPTED_LINE: 2025-03-24 21:05:44.780 BAD_DATA
2025-03-24 21:13:57.398 WARNING [auth] Deprecated API call (ID: 40499)
2025-03-24 21:16:03.879 ERROR [api] Database query failed (ID: 55340)
2025-03-25 11:22:23.431 DEBUG [auth] Unspecified event occurred (code: 84) (ID: 50053)
2025-03-25 00:11:43.208 DEBUG [auth] Unspecified event occurred (code: 51) (ID: 10910)
2025-03-25 20:11:20.900 WARNING [cache] High latency detected (ID: 13766)
2025-03-25 01:11:16.989 WARNING [cache] Retrying request... (ID: 65881)
2025-03-25 20:28:53.740 ERROR [cache] File not found (ID: 29811)
2025-03-25 13:34:31.423 CRITICAL [storage] Unspecified event occurred (code: 38) (ID: 20364)
2025-03-25 15:32:30.006 DEBUG [network] Unspecified event occurred (code: 92) (ID: 29196)
CORRUPTED_LINE: 2025-03-25 15:32:30.006 BAD_DATA
2025-03-24 23:59:32.938 ERROR [cache] Invalid credentials (ID: 74419)
2025-03-25 06:50:33.134 WARNING [storage] Retrying request... (ID: 73030)
2025-03-25 09:34:11.549 WARNING [cache] High latency detected (ID: 37635)
2025-03-25 13:26:01.824 DEBUG [storage] Unspecified event occurred (code: 4) (ID: 38408)
2025-03-24 23:04:45.776 INFO [auth] Cache updated for admin (ID: 10450)
2025-03-25 15:31:34.659 CRITICAL [network] Unspecified event occurred (code: 94) (ID: 95843)
2025-03-24 21:43:15.066 ERROR [api] Invalid credentials (ID: 96882)
2025-03-25 02:06:21.632 DEBUG [database] Unspecified event occurred (code: 1) (ID: 55782)
2025-03-24 23:50:37.239 WARNING [storage] Retrying request... (ID: 67862)
2025-03-25 19:11:50.470 INFO [database] User 'user1' logged in (ID: 53134)
2025-03-25 09:29:42.220 CRITICAL [network] Unspecified event occurred (code: 13) (ID: 34966)
2025-03-25 17:23:17.107 ERROR [network] Connection timeout (ID: 86430)
2025-03-25 03:36:42.839 WARNING [cache] Retrying request... (ID: 88488)
2025-03-24 22:22:25.416 DEBUG [cache] Unspecified event occurred (code: 75) (ID: 17333)
2025-03-25 10:57:32.351 CRITICAL [database] Unspecified event occurred (code: 51) (ID: 70920)
2025-03-25 05:39:32.301 INFO [database] User 'admin' logged in (ID: 26419)
2025-03-25 11:53:50.247 ERROR [cache] Invalid credentials (ID: 95383)
2025-03-25 20:02:29.995 CRITICAL [cache] Unspecified event occurred (code: 33) (ID: 92040)
2025-03-25 08:48:37.751 INFO [api] Request from system processed (ID: 28408)
2025-03-25 13:50:36.038 WARNING [auth] High latency detected (ID: 58133)
2025-03-25 15:12:45.642 ERROR [database] Database query failed (ID: 94523)
2025-03-25 10:59:58.053 WARNING [auth] Retrying request... (ID: 64790)
2025-03-25 17:53:56.120 DEBUG [storage] Unspecified event occurred (code: 41) (ID: 75811)
2025-03-25 09:09:53.074 ERROR [api] Invalid credentials (ID: 19292)
2025-03-24 20:59:17.101 INFO [cache] Request from system processed (ID: 58672)
2025-03-25 14:09:06.996 DEBUG [api] Unspecified event occurred (code: 9) (ID: 10133)
2025-03-24 23:39:38.750 CRITICAL [storage] Unspecified event occurred (code: 39) (ID: 77443)
2025-03-25 03:03:49.887 WARNING [network] Deprecated API call (ID: 22409)
2025-03-25 10:52:15.932 INFO [storage] Cache updated for admin (ID: 85683)
CORRUPTED_LINE: 2025-03-25 10:52:15.932 BAD_DATA
2025-03-25 01:11:36.943 DEBUG [database] Unspecified event occurred (code: 79) (ID: 53767)
CORRUPTED_LINE: 2025-03-25 01:11:36.943 BAD_DATA
2025-03-25 01:59:16.723 INFO [network] Cache updated for backup (ID: 10903)
2025-03-25 00:33:20.879 INFO [cache] User 'backup' logged in (ID: 28613)
2025-03-24 23:49:40.102 ERROR [database] Invalid credentials (ID: 15597)
2025-03-25 15:01:07.493 CRITICAL [auth] Unspecified event occurred (code: 31) (ID: 41738)
2025-03-25 01:54:59.035 DEBUG [storage] Unspecified event occurred (code: 63) (ID: 81650)
2025-03-25 17:51:54.957 INFO [cache] User 'system' logged in (ID: 78966)
2025-03-25 05:14:12.094 DEBUG [storage] Unspecified event occurred (code: 69) (ID: 93739)
2025-03-25 13:19:41.624 WARNING [cache] Deprecated API call (ID: 59440)
2025-03-24 22:03:44.106 CRITICAL [database] Unspecified event occurred (code: 4) (ID: 57842)
2025-03-25 12:08:17.692 ERROR [network] Invalid credentials (ID: 53918)
2025-03-24 22:48:54.442 CRITICAL [database] Unspecified event occurred (code: 47) (ID: 57854)
2025-03-25 04:42:39.726 DEBUG [cache] Unspecified event occurred (code: 2) (ID: 41248)
2025-03-25 05:03:43.543 CRITICAL [network] Unspecified event occurred (code: 3) (ID: 41093)
2025-03-25 08:08:40.541 CRITICAL [api] Unspecified event occurred (code: 35) (ID: 27162)
2025-03-25 09:31:38.061 INFO [storage] User 'guest' logged in (ID: 97970)
2025-03-25 01:28:39.951 ERROR [network] File not found (ID: 20450)
2025-03-25 16:33:49.477 DEBUG [cache] Unspecified event occurred (code: 13) (ID: 15538)
2025-03-25 17:17:35.140 CRITICAL [api] Unspecified event occurred (code: 24) (ID: 33934)
2025-03-25 11:43:22.808 WARNING [storage] High latency detected (ID: 17130)
2025-03-25 05:01:23.868 DEBUG [auth] Unspecified event occurred (code: 55) (ID: 24114)
2025-03-25 11:44:22.936 INFO [auth] Cache updated for admin (ID: 82309)
2025-03-25 01:22:18.434 DEBUG [storage] Unspecified event occurred (code: 43) (ID: 44257)
2025-03-25 01:39:31.191 ERROR [cache] Invalid credentials (ID: 36798)
2025-03-24 23:35:48.262 DEBUG [cache] Unspecified event occurred (code: 74) (ID: 35961)
2025-03-25 00:45:26.217 WARNING [cache] High latency detected (ID: 75331)
2025-03-25 06:35:33.481 ERROR [cache] Invalid credentials (ID: 74190)
2025-03-25 06:57:05.340 INFO [auth] User 'backup' logged in (ID: 63525)
2025-03-25 05:54:09.308 INFO [database] Request from system processed (ID: 16040)
2025-03-25 04:15:27.279 DEBUG [network] Unspecified event occurred (code: 75) (ID: 24148)
2025-03-25 05:45:33.230 CRITICAL [api] Unspecified event occurred (code: 68) (ID: 51937)
2025-03-24 23:06:58.916 WARNING [cache] High latency detected (ID: 68088)
2025-03-25 05:11:10.871 ERROR [api] File not found (ID: 21240)
2025-03-25 10:54:15.555 DEBUG [database] Unspecified event occurred (code: 94) (ID: 89139)
2025-03-25 19:32:56.283 CRITICAL [database] Unspecified event occurred (code: 86) (ID: 41582)
2025-03-25 04:36:54.042 WARNING [network] Deprecated API call (ID: 19958)
2025-03-25 15:53:45.390 CRITICAL [database] Unspecified event occurred (code: 45) (ID: 50962)
2025-03-25 11:55:37.434 DEBUG [api] Unspecified event occurred (code: 83) (ID: 16036)
2025-03-25 13:34:11.762 ERROR [cache] Database query failed (ID: 75517)
2025-03-24 21:43:27.700 WARNING [storage] High latency detected (ID: 10040)
2025-03-25 02:44:26.994 CRITICAL [api] Unspecified event occurred (code: 10) (ID: 17454)
2025-03-25 17:58:10.833 INFO [network] Request from guest processed (ID: 92119)
2025-03-25 10:49:04.711 WARNING [database] Deprecated API call (ID: 22959)
2025-03-25 16:50:09.181 CRITICAL [database] Unspecified event occurred (code: 19) (ID: 24882)
2025-03-24 22:48:41.728 WARNING [api] Retrying request... (ID: 23522)
2025-03-25 02:10:22.987 WARNING [network] Deprecated API call (ID: 81077)
2025-03-25 05:39:21.678 WARNING [database] High latency detected (ID: 19406)
2025-03-25 04:33:26.145 DEBUG [api] Unspecified event occurred (code: 33) (ID: 57822)
2025-03-24 23:07:13.609 DEBUG [network] Unspecified event occurred (code: 13) (ID: 77076)
2025-03-25 14:52:52.682 WARNING [auth] High latency detected (ID: 47506)
2025-03-25 02:27:25.251 WARNING [auth] Retrying request... (ID: 47120)
2025-03-25 12:06:52.051 ERROR [storage] Connection timeout (ID: 47327)
2025-03-25 09:43:11.700 ERROR [database] File not found (ID: 49312)
2025-03-25 12:01:45.924 WARNING [storage] High latency detected (ID: 37447)
2025-03-25 15:08:53.665 CRITICAL [api] Unspecified event occurred (code: 64) (ID: 22347)
2025-03-25 09:49:46.177 ERROR [storage] File not found (ID: 35267)
2025-03-25 13:40:54.047 INFO [database] Cache updated for user1 (ID: 14834)
2025-03-25 08:06:49.561 CRITICAL [network] Unspecified event occurred (code: 88) (ID: 44591)
2025-03-25 06:14:41.174 WARNING [database] Deprecated API call (ID: 19852)
2025-03-25 15:45:13.008 ERROR [api] Invalid credentials (ID: 12201)
2025-03-25 01:28:53.023 WARNING [auth] Retrying request... (ID: 89053)
2025-03-25 20:53:59.663 ERROR [cache] Database query failed (ID: 46026)
2025-03-24 22:20:13.983 DEBUG [api] Unspecified event occurred (code: 96) (ID: 63983)
2025-03-25 05:49:07.000 CRITICAL [database] Unspecified event occurred (code: 97) (ID: 38080)
2025-03-25 18:08:38.955 INFO [cache] Cache updated for system (ID: 64963)
2025-03-25 09:27:20.092 CRITICAL [network] Unspecified event occurred (code: 7) (ID: 74548)
2025-03-25 20:20:32.393 INFO [cache] Request from backup processed (ID: 33122)
2025-03-25 08:31:45.819 ERROR [api] Database query failed (ID: 95512)
2025-03-24 22:34:36.131 WARNING [auth] High latency detected (ID: 12230)
2025-03-25 16:06:32.348 DEBUG [api] Unspecified event occurred (code: 15) (ID: 71584)
2025-03-25 19:17:54.472 ERROR [api] File not found (ID: 96276)
2025-03-25 03:57:27.413 CRITICAL [cache] Unspecified event occurred (code: 50) (ID: 94205)
2025-03-25 01:51:22.162 CRITICAL [network] Unspecified event occurred (code: 43) (ID: 97149)
2025-03-25 07:08:07.870 WARNING [network] Deprecated API call (ID: 42064)
2025-03-25 02:21:21.395 CRITICAL [cache] Unspecified event occurred (code: 56) (ID: 45977)
2025-03-25 11:51:42.188 CRITICAL [cache] Unspecified event occurred (code: 32) (ID: 63596)
2025-03-25 16:54:24.472 WARNING [storage] Deprecated API call (ID: 56898)
2025-03-24 22:19:29.952 ERROR [network] File not found (ID: 22529)
2025-03-25 08:58:22.696 WARNING [api] High latency detected (ID: 17121)
2025-03-25 06:18:52.168 INFO [database] User 'guest' logged in (ID: 74806)
2025-03-25 07:26:55.941 ERROR [api] Connection timeout (ID: 33573)
2025-03-24 23:45:05.309 WARNING [cache] Retrying request... (ID: 14381)
2025-03-25 16:22:41.568 INFO [storage] Request from guest processed (ID: 11836)
2025-03-25 19:02:27.125 INFO [database] Request from guest processed (ID: 34210)
2025-03-25 20:53:29.610 WARNING [database] Retrying request... (ID: 94214)
CORRUPTED_LINE: 2025-03-25 20:53:29.610 BAD_DATA
2025-03-25 20:13:52.684 DEBUG [api] Unspecified event occurred (code: 51) (ID: 38078)
2025-03-25 01:22:17.864 ERROR [storage] File not found (ID: 85979)
2025-03-25 17:03:07.112 INFO [network] Cache updated for system (ID: 29198)
2025-03-25 13:18:08.751 DEBUG [cache] Unspecified event occurred (code: 57) (ID: 54234)
2025-03-25 09:04:46.640 DEBUG [storage] Unspecified event occurred (code: 13) (ID: 51175)
2025-03-25 14:13:05.429 DEBUG [cache] Unspecified event occurred (code: 67) (ID: 42002)
2025-03-24 23:50:08.178 DEBUG [storage] Unspecified event occurred (code: 2) (ID: 87223)
2025-03-25 17:49:16.623 WARNING [auth] Deprecated API call (ID: 15429)
2025-03-24 21:22:26.237 WARNING [cache] Retrying request... (ID: 50730)
2025-03-24 22:17:26.549 CRITICAL [network] Unspecified event occurred (code: 59) (ID: 93924)
2025-03-25 00:33:10.125 WARNING [api] High latency detected (ID: 24374)
2025-03-25 10:55:12.377 CRITICAL [database] Unspecified event occurred (code: 24) (ID: 55636)
2025-03-25 03:12:57.401 ERROR [cache] File not found (ID: 75464)
2025-03-24 23:32:31.124 INFO [cache] User 'backup' logged in (ID: 59113)
2025-03-25 02:03:15.395 CRITICAL [api] Unspecified event occurred (code: 91) (ID: 90389)
2025-03-25 00:32:34.822 ERROR [api] Connection timeout (ID: 87172)
2025-03-25 18:55:47.121 CRITICAL [cache] Unspecified event occurred (code: 8) (ID: 82880)
2025-03-24 21:01:23.988 DEBUG [api] Unspecified event occurred (code: 23) (ID: 83880)
2025-03-25 10:07:47.682 WARNING [database] High latency detected (ID: 79818)
2025-03-25 09:58:16.365 INFO [storage] Request from admin processed (ID: 79799)
2025-03-24 22:30:07.159 ERROR [cache] Database query failed (ID: 84452)
2025-03-24 21:12:46.808 CRITICAL [cache] Unspecified event occurred (code: 49) (ID: 96320)
CORRUPTED_LINE: 2025-03-24 21:12:46.808 BAD_DATA
2025-03-24 23:11:49.513 CRITICAL [api] Unspecified event occurred (code: 53) (ID: 55506)
2025-03-25 11:24:09.647 INFO [auth] User 'guest' logged in (ID: 95439)
2025-03-25 16:29:19.224 DEBUG [storage] Unspecified event occurred (code: 80) (ID: 25324)
2025-03-25 04:38:30.247 ERROR [auth] Database query failed (ID: 52683)
2025-03-24 22:04:08.331 DEBUG [cache] Unspecified event occurred (code: 53) (ID: 74891)
2025-03-24 22:10:24.604 ERROR [database] Database query failed (ID: 53755)
2025-03-25 17:09:07.027 ERROR [cache] Connection timeout (ID: 31580)
2025-03-24 23:37:16.148 DEBUG [database] Unspecified event occurred (code: 11) (ID: 11479)
2025-03-25 18:24:04.335 INFO [network] Request from admin processed (ID: 32104)
2025-03-25 08:03:47.709 INFO [network] User 'admin' logged in (ID: 20913)
2025-03-25 02:20:56.666 DEBUG [api] Unspecified event occurred (code: 38) (ID: 29658)
2025-03-25 04:39:16.693 ERROR [network] Connection timeout (ID: 83528)
2025-03-25 01:43:21.838 WARNING [cache] High latency detected (ID: 49027)
2025-03-25 16:17:24.911 DEBUG [network] Unspecified event occurred (code: 21) (ID: 97357)
2025-03-25 16:37:38.825 DEBUG [auth] Unspecified event occurred (code: 16) (ID: 70968)
2025-03-25 13:58:27.756 INFO [api] Cache updated for user1 (ID: 93665)
2025-03-24 21:34:38.684 WARNING [network] Retrying request... (ID: 13206)
2025-03-25 02:50:35.769 WARNING [network] High latency detected (ID: 40803)
2025-03-25 11:26:58.579 ERROR [auth] Invalid credentials (ID: 93781)
2025-03-25 12:35:52.358 DEBUG [database] Unspecified event occurred (code: 87) (ID: 42575)
2025-03-25 14:06:59.861 INFO [cache] Request from backup processed (ID: 57482)
2025-03-25 20:16:44.896 CRITICAL [cache] Unspecified event occurred (code: 46) (ID: 39469)
CORRUPTED_LINE: 2025-03-25 20:16:44.896 BAD_DATA
2025-03-25 12:59:17.876 DEBUG [api] Unspecified event occurred (code: 34) (ID: 73203)
2025-03-25 19:19:38.305 INFO [network] Cache updated for user1 (ID: 80521)
2025-03-25 02:30:20.718 WARNING [auth] High latency detected (ID: 51616)
2025-03-25 02:05:24.375 DEBUG [cache] Unspecified event occurred (code: 87) (ID: 75522)
2025-03-25 09:23:19.728 WARNING [api] Retrying request... (ID: 61231)
2025-03-25 06:54:00.304 CRITICAL [database] Unspecified event occurred (code: 45) (ID: 20466)
2025-03-25 19:35:52.082 WARNING [api] Retrying request... (ID: 29394)
2025-03-25 11:43:31.906 DEBUG [cache] Unspecified event occurred (code: 13) (ID: 46653)
2025-03-24 21:26:21.800 DEBUG [api] Unspecified event occurred (code: 90) (ID: 53401)
2025-03-25 11:10:05.203 ERROR [storage] Database query failed (ID: 26290)
2025-03-25 04:41:01.758 ERROR [api] Invalid credentials (ID: 12373)
2025-03-25 08:08:58.150 ERROR [cache] Connection timeout (ID: 33222)
2025-03-25 04:41:25.876 INFO [api] Request from user1 processed (ID: 45764)
2025-03-24 21:40:48.768 WARNING [api] Deprecated API call (ID: 37204)
2025-03-25 07:50:28.621 CRITICAL [cache] Unspecified event occurred (code: 93) (ID: 11915)
2025-03-25 14:08:07.056 CRITICAL [network] Unspecified event occurred (code: 13) (ID: 79328)
2025-03-25 09:01:19.522 INFO [api] Cache updated for user1 (ID: 55866)
2025-03-25 02:54:44.585 INFO [auth] User 'guest' logged in (ID: 57045)
2025-03-25 08:35:18.977 ERROR [network] File not found (ID: 84437)
2025-03-25 05:40:26.690 WARNING [cache] High latency detected (ID: 28536)
2025-03-25 18:42:01.858 ERROR [database] Connection timeout (ID: 52427)
2025-03-24 22:20:45.672 CRITICAL [storage] Unspecified event occurred (code: 63) (ID: 15497)
2025-03-25 08:10:57.004 DEBUG [api] Unspecified event occurred (code: 81) (ID: 90260)
2025-03-25 19:26:01.035 INFO [network] Cache updated for guest (ID: 83609)
2025-03-25 04:25:07.520 CRITICAL [database] Unspecified event occurred (code: 8) (ID: 71842)
2025-03-25 17:08:13.538 WARNING [database] High latency detected (ID: 50248)
2025-03-25 15:24:31.952 INFO [api] Cache updated for user1 (ID: 80247)
2025-03-24 22:14:56.525 ERROR [cache] Invalid credentials (ID: 71781)
2025-03-25 18:49:27.595 ERROR [network] Database query failed (ID: 20381)
2025-03-24 21:12:51.502 CRITICAL [database] Unspecified event occurred (code: 98) (ID: 58642)
2025-03-24 21:07:41.188 CRITICAL [database] Unspecified event occurred (code: 45) (ID: 53628)
2025-03-24 21:17:39.442 WARNING [storage] Retrying request... (ID: 13796)
2025-03-25 08:36:33.756 WARNING [api] High latency detected (ID: 82658)
2025-03-25 09:24:57.624 INFO [network] Request from system processed (ID: 43672)
2025-03-25 13:55:40.803 CRITICAL [cache] Unspecified event occurred (code: 69) (ID: 11290)
2025-03-25 08:57:41.639 ERROR [storage] File not found (ID: 69109)
2025-03-25 05:56:38.586 CRITICAL [api] Unspecified event occurred (code: 80) (ID: 70923)
2025-03-25 02:48:58.308 CRITICAL [network] Unspecified event occurred (code: 94) (ID: 83015)
2025-03-25 08:07:31.239 ERROR [database] Database query failed (ID: 33323)
2025-03-25 13:05:09.682 ERROR [api] Database query failed (ID: 20020)
2025-03-25 13:06:37.657 CRITICAL [api] Unspecified event occurred (code: 10) (ID: 58294)
2025-03-24 21:38:03.492 INFO [database] User 'user1' logged in (ID: 87730)
2025-03-25 05:40:30.593 CRITICAL [auth] Unspecified event occurred (code: 55) (ID: 52031)
2025-03-25 16:14:18.100 CRITICAL [network] Unspecified event occurred (code: 31) (ID: 90722)
2025-03-25 15:15:35.384 INFO [database] Request from guest processed (ID: 19044)
2025-03-24 22:49:00.157 ERROR [auth] Database query failed (ID: 22296)
2025-03-24 22:17:17.715 WARNING [database] Deprecated API call (ID: 79659)
2025-03-24 21:53:05.715 WARNING [storage] High latency detected (ID: 19455)
2025-03-24 23:42:05.260 CRITICAL [database] Unspecified event occurred (code: 71) (ID: 97841)
2025-03-24 20:56:42.868 ERROR [storage] Invalid credentials (ID: 62602)
2025-03-25 07:42:40.026 ERROR [network] File not found (ID: 11385)
2025-03-25 10:41:23.400 ERROR [auth] File not found (ID: 94477)
2025-03-25 08:35:00.652 WARNING [storage] Deprecated API call (ID: 93712)
2025-03-25 02:44:22.193 DEBUG [database] Unspecified event occurred (code: 23) (ID: 31453)
2025-03-25 19:49:17.772 DEBUG [network] Unspecified event occurred (code: 45) (ID: 54783)
2025-03-25 08:19:32.426 ERROR [database] Database query failed (ID: 49335)
2025-03-25 01:30:22.143 INFO [api] Request from backup processed (ID: 90551)
2025-03-25 02:04:06.724 ERROR [api] Connection timeout (ID: 67619)
2025-03-24 21:54:28.904 ERROR [database] Database query failed (ID: 70259)
2025-03-25 15:59:31.531 CRITICAL [auth] Unspecified event occurred (code: 1) (ID: 93700)
2025-03-25 13:43:42.585 CRITICAL [database] Unspecified event occurred (code: 73) (ID: 98060)
2025-03-25 14:53:00.256 WARNING [cache] High latency detected (ID: 91418)
2025-03-24 21:40:17.368 WARNING [database] Deprecated API call (ID: 17825)
2025-03-25 02:52:17.922 ERROR [network] Invalid credentials (ID: 84600)
2025-03-25 16:04:47.026 WARNING [api] Retrying request... (ID: 16376)
2025-03-25 08:11:57.192 INFO [api] Cache updated for system (ID: 43327)
2025-03-25 13:51:15.471 ERROR [network] Database query failed (ID: 24274)
2025-03-25 18:40:43.376 DEBUG [cache] Unspecified event occurred (code: 55) (ID: 78743)
2025-03-25 10:23:22.572 CRITICAL [storage] Unspecified event occurred (code: 75) (ID: 67037)
2025-03-25 16:00:21.084 WARNING [database] Deprecated API call (ID: 97787)
2025-03-25 00:27:13.736 ERROR [cache] Invalid credentials (ID: 95120)
2025-03-25 20:51:54.871 ERROR [network] Invalid credentials (ID: 78396)
2025-03-25 03:22:28.382 CRITICAL [cache] Unspecified event occurred (code: 25) (ID: 68660)
2025-03-25 06:03:41.859 ERROR [cache] Database query failed (ID: 48211)
2025-03-25 14:25:28.327 INFO [database] Request from backup processed (ID: 82701)
2025-03-25 14:55:41.446 DEBUG [api] Unspecified event occurred (code: 14) (ID: 33210)
2025-03-25 05:54:24.216 ERROR [storage] Database query failed (ID: 35316)
2025-03-25 14:35:56.112 DEBUG [cache] Unspecified event occurred (code: 82) (ID: 88491)
2025-03-25 11:05:45.903 DEBUG [auth] Unspecified event occurred (code: 60) (ID: 83686)
2025-03-25 03:18:19.062 DEBUG [auth] Unspecified event occurred (code: 24) (ID: 15729)
2025-03-25 16:57:32.943 ERROR [api] Database query failed (ID: 68331)
2025-03-24 23:14:22.529 CRITICAL [cache] Unspecified event occurred (code: 71) (ID: 17045)
2025-03-25 08:19:33.277 WARNING [network] Retrying request... (ID: 38716)
2025-03-25 07:25:14.841 INFO [api] Request from admin processed (ID: 82466)
2025-03-25 11:56:07.692 ERROR [auth] Connection timeout (ID: 59449)
2025-03-25 04:57:05.661 DEBUG [network] Unspecified event occurred (code: 49) (ID: 56490)
2025-03-24 22:12:34.002 INFO [api] Request from guest processed (ID: 51151)
2025-03-25 11:26:42.149 DEBUG [api] Unspecified event occurred (code: 34) (ID: 94299)
2025-03-25 04:03:13.385 INFO [storage] User 'system' logged in (ID: 93628)
2025-03-25 05:15:42.791 INFO [network] Request from admin processed (ID: 56232)
2025-03-25 06:43:07.355 WARNING [cache] Retrying request... (ID: 29327)
2025-03-25 14:08:03.300 DEBUG [storage] Unspecified event occurred (code: 98) (ID: 48454)
2025-03-24 23:01:26.902 INFO [cache] User 'system' logged in (ID: 47870)
2025-03-25 14:37:00.816 ERROR [cache] Connection timeout (ID: 82256)
2025-03-25 01:01:29.624 INFO [api] Request from system processed (ID: 68120)
2025-03-25 18:34:00.773 CRITICAL [database] Unspecified event occurred (code: 77) (ID: 28632)
2025-03-25 06:17:36.302 WARNING [storage] High latency detected (ID: 95976)
2025-03-25 17:40:09.217 CRITICAL [network] Unspecified event occurred (code: 25) (ID: 36172)
CORRUPTED_LINE: 2025-03-25 17:40:09.217 BAD_DATA
2025-03-25 10:22:19.903 WARNING [network] Retrying request... (ID: 47309)
2025-03-25 00:24:21.134 DEBUG [cache] Unspecified event occurred (code: 11) (ID: 88083)
2025-03-25 00:16:46.429 DEBUG [database] Unspecified event occurred (code: 49) (ID: 49996)
2025-03-25 00:04:30.764 ERROR [network] Connection timeout (ID: 14046)
CORRUPTED_LINE: 2025-03-25 00:04:30.764 BAD_DATA
2025-03-25 15:36:56.454 ERROR [network] Connection timeout (ID: 53722)
2025-03-25 03:56:01.001 CRITICAL [storage] Unspecified event occurred (code: 44) (ID: 53278)
2025-03-25 02:27:33.252 CRITICAL [auth] Unspecified event occurred (code: 71) (ID: 69624)
2025-03-25 13:20:42.727 CRITICAL [storage] Unspecified event occurred (code: 98) (ID: 86602)
2025-03-25 08:22:43.938 WARNING [api] High latency detected (ID: 85431)
2025-03-25 20:05:49.967 INFO [database] Cache updated for system (ID: 46788)
2025-03-25 08:46:27.642 WARNING [api] Retrying request... (ID: 33470)
2025-03-25 18:47:13.573 ERROR [cache] File not found (ID: 49285)
2025-03-25 00:32:43.062 WARNING [storage] High latency detected (ID: 44923)
CORRUPTED_LINE: 2025-03-25 00:32:43.062 BAD_DATA
2025-03-25 02:44:19.664 CRITICAL [api] Unspecified event occurred (code: 12) (ID: 54170)
2025-03-24 23:26:11.676 DEBUG [network] Unspecified event occurred (code: 7) (ID: 44328)
2025-03-25 14:22:14.955 WARNING [network] Retrying request... (ID: 60414)
2025-03-25 04:46:22.362 INFO [cache] Request from admin processed (ID: 53948)
2025-03-25 03:38:11.712 WARNING [auth] Deprecated API call (ID: 32223)
2025-03-25 03:41:52.342 DEBUG [network] Unspecified event occurred (code: 41) (ID: 47288)
CORRUPTED_LINE: 2025-03-25 03:41:52.342 BAD_DATA
2025-03-25 17:59:29.991 DEBUG [storage] Unspecified event occurred (code: 66) (ID: 70500)
2025-03-24 22:47:31.411 DEBUG [database] Unspecified event occurred (code: 19) (ID: 93504)
2025-03-25 09:32:37.774 DEBUG [api] Unspecified event occurred (code: 97) (ID: 47433)
2025-03-25 14:34:29.384 CRITICAL [database] Unspecified event occurred (code: 20) (ID: 19938)
2025-03-25 18:34:55.832 ERROR [storage] Connection timeout (ID: 84192)
2025-03-24 21:57:24.477 INFO [storage] User 'admin' logged in (ID: 75293)
2025-03-25 06:54:56.096 DEBUG [network] Unspecified event occurred (code: 28) (ID: 60047)
2025-03-25 11:38:21.356 CRITICAL [storage] Unspecified event occurred (code: 90) (ID: 24097)
2025-03-25 01:29:30.829 CRITICAL [database] Unspecified event occurred (code: 98) (ID: 27100)
2025-03-25 18:57:55.277 INFO [database] User 'system' logged in (ID: 95105)
2025-03-25 19:56:20.516 WARNING [database] Deprecated API call (ID: 43974)
2025-03-24 21:45:12.270 CRITICAL [database] Unspecified event occurred (code: 98) (ID: 82581)
2025-03-25 03:18:42.005 ERROR [api] Connection timeout (ID: 68081)
2025-03-25 01:59:20.012 INFO [network] User 'system' logged in (ID: 39833)
2025-03-25 12:39:26.238 WARNING [api] Retrying request... (ID: 77611)
2025-03-25 15:43:50.067 WARNING [network] Deprecated API call (ID: 41991)
2025-03-25 15:09:21.291 DEBUG [auth] Unspecified event occurred (code: 30) (ID: 90003)
2025-03-25 01:32:36.581 DEBUG [storage] Unspecified event occurred (code: 7) (ID: 77368)
2025-03-25 01:38:00.962 WARNING [cache] Retrying request... (ID: 55990)
2025-03-25 04:05:47.415 WARNING [network] High latency detected (ID: 96363)
2025-03-25 12:19:24.110 CRITICAL [network] Unspecified event occurred (code: 71) (ID: 47793)
2025-03-25 11:50:38.184 CRITICAL [auth] Unspecified event occurred (code: 91) (ID: 50996)
2025-03-25 06:35:10.774 CRITICAL [cache] Unspecified event occurred (code: 63) (ID: 89746)
2025-03-25 03:35:51.520 ERROR [auth] File not found (ID: 68521)
2025-03-25 00:02:29.587 DEBUG [network] Unspecified event occurred (code: 52) (ID: 39887)
2025-03-25 15:12:36.317 ERROR [database] File not found (ID: 61048)
2025-03-24 21:09:25.529 ERROR [storage] Connection timeout (ID: 14394)
2025-03-25 08:06:51.452 CRITICAL [storage] Unspecified event occurred (code: 16) (ID: 45846)
2025-03-24 21:24:19.270 WARNING [auth] Retrying request... (ID: 73629)
2025-03-25 11:10:16.625 DEBUG [network] Unspecified event occurred (code: 35) (ID: 78546)
2025-03-25 14:24:50.997 ERROR [storage] Invalid credentials (ID: 57693)
2025-03-25 07:10:00.676 WARNING [cache] High latency detected (ID: 64212)
2025-03-25 16:48:55.821 DEBUG [network] Unspecified event occurred (code: 96) (ID: 45791)
2025-03-25 06:06:04.487 CRITICAL [auth] Unspecified event occurred (code: 98) (ID: 73337)
2025-03-25 18:18:29.524 DEBUG [api] Unspecified event occurred (code: 6) (ID: 29852)
2025-03-25 06:36:36.792 WARNING [api] High latency detected (ID: 15207)
2025-03-25 15:28:54.308 DEBUG [api] Unspecified event occurred (code: 77) (ID: 56605)
2025-03-25 02:27:14.471 DEBUG [cache] Unspecified event occurred (code: 56) (ID: 19474)
2025-03-25 07:57:41.721 CRITICAL [cache] Unspecified event occurred (code: 49) (ID: 55030)
2025-03-25 19:49:29.653 INFO [api] Cache updated for system (ID: 27699)
2025-03-25 13:10:08.249 DEBUG [database] Unspecified event occurred (code: 75) (ID: 85697)
2025-03-25 03:19:07.373 ERROR [api] File not found (ID: 31121)
2025-03-25 01:58:52.884 WARNING [storage] Retrying request... (ID: 52455)
2025-03-25 18:39:08.544 INFO [api] Cache updated for system (ID: 48972)
2025-03-25 18:11:15.806 ERROR [storage] Connection timeout (ID: 81037)
2025-03-25 16:50:38.750 DEBUG [auth] Unspecified event occurred (code: 100) (ID: 60750)
2025-03-25 08:04:52.744 CRITICAL [storage] Unspecified event occurred (code: 4) (ID: 80421)
2025-03-25 06:02:35.115 INFO [network] Cache updated for guest (ID: 86605)
2025-03-25 13:33:39.225 WARNING [database] High latency detected (ID: 12271)
2025-03-25 16:44:03.748 INFO [cache] Cache updated for guest (ID: 62752)
2025-03-25 01:49:11.773 CRITICAL [api] Unspecified event occurred (code: 36) (ID: 51751)
2025-03-24 23:31:04.731 DEBUG [api] Unspecified event occurred (code: 84) (ID: 94252)
2025-03-25 08:49:02.500 CRITICAL [storage] Unspecified event occurred (code: 5) (ID: 85472)
2025-03-24 23:10:51.962 DEBUG [api] Unspecified event occurred (code: 17) (ID: 76955)
2025-03-25 13:25:56.295 INFO [network] User 'system' logged in (ID: 59154)
2025-03-25 16:05:13.493 CRITICAL [database] Unspecified event occurred (code: 93) (ID: 95768)
2025-03-25 07:02:01.283 ERROR [api] Connection timeout (ID: 94519)
2025-03-25 19:12:55.455 ERROR [storage] File not found (ID: 56294)
2025-03-25 17:05:24.607 INFO [storage] User 'backup' logged in (ID: 84452)
2025-03-25 14:44:15.604 ERROR [auth] Invalid credentials (ID: 20457)
2025-03-25 07:26:21.642 CRITICAL [auth] Unspecified event occurred (code: 51) (ID: 99814)
2025-03-25 16:29:41.107 WARNING [cache] High latency detected (ID: 38421)
2025-03-25 03:48:11.468 DEBUG [storage] Unspecified event occurred (code: 63) (ID: 69357)
2025-03-25 06:32:57.683 INFO [api] Request from backup processed (ID: 27482)
2025-03-24 23:38:46.368 INFO [storage] User 'guest' logged in (ID: 84646)
2025-03-25 20:29:06.273 DEBUG [auth] Unspecified event occurred (code: 25) (ID: 83855)
2025-03-25 11:53:46.581 INFO [api] Request from system processed (ID: 27470)
2025-03-25 01:48:31.401 INFO [database] Request from guest processed (ID: 54165)
2025-03-25 03:36:38.469 CRITICAL [storage] Unspecified event occurred (code: 72) (ID: 93863)
2025-03-25 12:40:23.396 ERROR [cache] File not found (ID: 46889)
2025-03-25 08:16:24.227 DEBUG [auth] Unspecified event occurred (code: 79) (ID: 73446)
2025-03-25 16:22:54.913 ERROR [auth] File not found (ID: 17635)
CORRUPTED_LINE: 2025-03-25 16:22:54.913 BAD_DATA
2025-03-25 06:50:58.649 WARNING [database] Deprecated API call (ID: 76164)
CORRUPTED_LINE: 2025-03-25 06:50:58.649 BAD_DATA
2025-03-25 08:20:15.528 WARNING [database] High latency detected (ID: 96513)
2025-03-25 11:16:45.749 CRITICAL [database] Unspecified event occurred (code: 64) (ID: 52448)
2025-03-25 02:23:28.073 ERROR [storage] Connection timeout (ID: 60200)
2025-03-25 07:27:23.967 DEBUG [database] Unspecified event occurred (code: 9) (ID: 86837)
2025-03-25 14:00:29.329 DEBUG [storage] Unspecified event occurred (code: 81) (ID: 85097)
2025-03-25 08:56:37.246 ERROR [api] Invalid credentials (ID: 83025)
2025-03-25 00:06:10.270 ERROR [auth] Invalid credentials (ID: 54215)
2025-03-25 09:59:28.066 ERROR [cache] Connection timeout (ID: 24476)
2025-03-25 09:30:59.901 ERROR [database] Invalid credentials (ID: 35980)
CORRUPTED_LINE: 2025-03-25 09:30:59.901 BAD_DATA
2025-03-25 16:38:46.790 ERROR [database] File not found (ID: 87018)
2025-03-25 20:01:34.026 INFO [cache] User 'guest' logged in (ID: 84882)
2025-03-25 10:23:55.653 DEBUG [network] Unspecified event occurred (code: 73) (ID: 60222)
2025-03-25 19:22:05.190 WARNING [storage] Retrying request... (ID: 65016)
CORRUPTED_LINE: 2025-03-25 19:22:05.190 BAD_DATA
